[2015-08-19 16:47:49.150] [WARN] [default] - 用户IP: 182.115.162.75
[2015-08-19 16:47:49.277] [WARN] [default] - { code: 0,
  data: 
   { country: '中国',
     country_id: 'CN',
     area: '华中',
     area_id: '400000',
     region: '河南省',
     region_id: '410000',
     city: '省直辖县级行政区划',
     city_id: '419000',
     county: '济源市',
     county_id: '419001',
     isp: '联通',
     isp_id: '100026',
     ip: '182.115.162.75' } }
[2015-08-19 16:47:49.429] [WARN] [default] - 用户IP: 182.115.162.75
[2015-08-19 16:47:49.526] [WARN] [default] - { code: 0,
  data: 
   { country: '中国',
     country_id: 'CN',
     area: '华中',
     area_id: '400000',
     region: '河南省',
     region_id: '410000',
     city: '省直辖县级行政区划',
     city_id: '419000',
     county: '济源市',
     county_id: '419001',
     isp: '联通',
     isp_id: '100026',
     ip: '182.115.162.75' } }
