[2015-08-24 14:45:08.735] [WARN] [default] - 用户IP: 
[2015-08-24 14:45:08.966] [WARN] [default] - 用户IP: 
[2015-08-24 14:45:09.524] [INFO] [default] - { url: 'getCardList',
  encryptType: '1',
  data: 
   { currentIndex: '1',
     pageCount: '20',
     cardType: '1,2,5',
     cityId: '53',
     distance: '99999000' },
  session: 'eyJ0b2tlbiI6ImJjNmI0OWM2YjY0YzRhNDZhYWUyNzk0ZWQ4M2Q3YTk1IiwidHlwZSI6InRydWUifQ==',
  key: 'bc6b49c6b64c4a46' }
[2015-08-24 14:45:09.526] [INFO] [default] - { request: '{"encryptType":"1","data":"tWugDrPRYZf431Mvcs3kr31jnYo/rAJpg60xfWnQuUWcu5VkJaGqlhtAbys2xFn1KgwK5pM+NJb9ZYeNnYP6JFeN3vBHJWx4PBOHguTvHqaqTwDtRynzorf8pFwPEJC6","session":"eyJ0b2tlbiI6ImJjNmI0OWM2YjY0YzRhNDZhYWUyNzk0ZWQ4M2Q3YTk1IiwidHlwZSI6InRydWUifQ=="}' }
[2015-08-24 14:45:09.532] [INFO] [default] - { weileversion: '290',
  clientos: '104',
  lng: '89.9999',
  lat: '0.0001' }
[2015-08-24 14:45:10.070] [INFO] [default] - { act: 'getCardList',
  resultCode: 0,
  encryptCode: 1,
  msg: '操作成功',
  data: 
   { merchantList: 
      [ [Object],
        [Object],
        [Object],
        [Object],
        [Object],
        [Object],
        [Object],
        [Object],
        [Object],
        [Object],
        [Object],
        [Object],
        [Object],
        [Object],
        [Object],
        [Object],
        [Object],
        [Object],
        [Object],
        [Object] ] } }
[2015-08-24 14:45:10.071] [INFO] [default] - { merchantList: 
   [ { id: '11063981',
       cardList: [Object],
       distance: '0.0',
       name: '林坤_85度C',
       star: '3.0',
       hotDegree: '900' },
     { id: '11063979',
       cardList: [Object],
       distance: '0.0',
       name: '小叮当宠物店',
       star: '5.0',
       hotDegree: '360' },
     { id: '11063977',
       cardList: [Object],
       distance: '0.0',
       name: '晓彤的冷饮餐厅',
       star: '3.0',
       hotDegree: '90' },
     { id: '11063976',
       cardList: [Object],
       distance: '0.0',
       name: '陈珊干洗店',
       star: '3.0',
       hotDegree: '50' },
     { id: '11063974',
       cardList: [Object],
       distance: '0.0',
       name: '好时面包店',
       star: '3.0',
       hotDegree: '50' },
     { id: '11063973',
       cardList: [Object],
       distance: '0.0',
       name: '李冬芳化妆品店',
       star: '3.0',
       hotDegree: '270' },
     { id: '11063972',
       cardList: [Object],
       distance: '0.0',
       name: '盛明私房菜',
       star: '5.0',
       hotDegree: '370' },
     { id: '11063970',
       cardList: [Object],
       distance: '0.0',
       name: '余勇服装店',
       star: '3.0',
       hotDegree: '0' },
     { id: '11063968',
       cardList: [Object],
       distance: '0.0',
       name: '海欣汽车工坊',
       star: '3.0',
       hotDegree: '60' },
     { id: '11063967',
       cardList: [Object],
       distance: '0.0',
       name: '蒋品鲜果园',
       star: '3.0',
       hotDegree: '90' },
     { id: '11063965',
       cardList: [Object],
       distance: '0.0',
       name: '微乐KTV',
       star: '3.0',
       hotDegree: '210' },
     { id: '11063964',
       cardList: [Object],
       distance: '0.0',
       name: '新林文具店',
       star: '3.0',
       hotDegree: '110' },
     { id: '11063960',
       cardList: [Object],
       distance: '0.0',
       name: '佳佳蛋糕店',
       star: '3.0',
       hotDegree: '70' },
     { id: '11063955',
       cardList: [Object],
       distance: '0.0',
       name: '碧花化妆品店',
       star: '3.0',
       hotDegree: '230' },
     { id: '11063953',
       cardList: [Object],
       distance: '0.0',
       name: '张秀珍干洗店',
       star: '3.0',
       hotDegree: '20' },
     { id: '11063952',
       cardList: [Object],
       distance: '0.0',
       name: '小草干洗店',
       star: '3.0',
       hotDegree: '130' },
     { id: '11063951',
       cardList: [Object],
       distance: '0.0',
       name: '恐怖蛋糕屋',
       star: '3.0',
       hotDegree: '120' },
     { id: '11063950',
       cardList: [Object],
       distance: '0.0',
       name: '龙光卤味',
       star: '3.0',
       hotDegree: '280' },
     { id: '11063949',
       cardList: [Object],
       distance: '0.0',
       name: '董云私房菜',
       star: '3.0',
       hotDegree: '70' },
     { id: '11063947',
       cardList: [Object],
       distance: '0.0',
       name: '微乐福州事业部按摩店r（肖）11sef',
       star: '3.0',
       hotDegree: '490' } ] }
[2015-08-24 14:47:18.395] [INFO] [default] - { url: 'requestSellerDetail',
  encryptType: undefined,
  data: { merchantId: '11069853' },
  session: 'eyJ0b2tlbiI6ImJjNmI0OWM2YjY0YzRhNDZhYWUyNzk0ZWQ4M2Q3YTk1IiwidHlwZSI6InRydWUifQ==',
  key: 'bc6b49c6b64c4a46' }
[2015-08-24 14:47:18.399] [INFO] [default] - { request: '{"encryptType":1,"data":"mID/aEnol+laG4O5ekYwbu1YYVR7QOmdH6nmw/0r+t4=","session":"eyJ0b2tlbiI6ImJjNmI0OWM2YjY0YzRhNDZhYWUyNzk0ZWQ4M2Q3YTk1IiwidHlwZSI6InRydWUifQ=="}' }
[2015-08-24 14:47:18.407] [INFO] [default] - { weileversion: '290',
  clientos: '104',
  lng: '89.9999',
  lat: '0.0001' }
[2015-08-24 14:47:18.459] [INFO] [default] - { resultCode: 9040,
  msg: '商家不存在',
  data: {},
  encryptType: '0',
  act: 'requestSellerDetail' }
[2015-08-24 14:47:18.460] [INFO] [default] - {}
[2015-08-24 14:47:40.755] [WARN] [default] - 用户IP: 
[2015-08-24 14:47:41.908] [WARN] [default] - 用户IP: 
[2015-08-24 14:47:42.330] [INFO] [default] - { url: 'requestSellerDetail',
  encryptType: undefined,
  data: { merchantId: '11069853' },
  session: 'eyJ0b2tlbiI6ImJjNmI0OWM2YjY0YzRhNDZhYWUyNzk0ZWQ4M2Q3YTk1IiwidHlwZSI6InRydWUifQ==',
  key: 'bc6b49c6b64c4a46' }
[2015-08-24 14:47:42.330] [INFO] [default] - { request: '{"encryptType":1,"data":"mID/aEnol+laG4O5ekYwbu1YYVR7QOmdH6nmw/0r+t4=","session":"eyJ0b2tlbiI6ImJjNmI0OWM2YjY0YzRhNDZhYWUyNzk0ZWQ4M2Q3YTk1IiwidHlwZSI6InRydWUifQ=="}' }
[2015-08-24 14:47:42.333] [INFO] [default] - { weileversion: '290',
  clientos: '104',
  lng: '89.9999',
  lat: '0.0001' }
[2015-08-24 14:47:42.358] [INFO] [default] - { resultCode: 9040,
  msg: '商家不存在',
  data: {},
  encryptType: '0',
  act: 'requestSellerDetail' }
[2015-08-24 14:47:42.358] [INFO] [default] - {}
[2015-08-24 14:48:47.769] [WARN] [default] - 用户IP: 
[2015-08-24 14:48:54.178] [WARN] [default] - 用户IP: 
[2015-08-24 14:48:54.565] [INFO] [default] - { url: 'requestSellerDetail',
  encryptType: undefined,
  data: { merchantId: '11069853' },
  session: 'eyJ0b2tlbiI6ImJjNmI0OWM2YjY0YzRhNDZhYWUyNzk0ZWQ4M2Q3YTk1IiwidHlwZSI6InRydWUifQ==',
  key: 'bc6b49c6b64c4a46' }
[2015-08-24 14:48:54.566] [INFO] [default] - { request: '{"encryptType":1,"data":"mID/aEnol+laG4O5ekYwbu1YYVR7QOmdH6nmw/0r+t4=","session":"eyJ0b2tlbiI6ImJjNmI0OWM2YjY0YzRhNDZhYWUyNzk0ZWQ4M2Q3YTk1IiwidHlwZSI6InRydWUifQ=="}' }
[2015-08-24 14:48:54.567] [INFO] [default] - { weileversion: '290',
  clientos: '104',
  lng: '89.9999',
  lat: '0.0001' }
[2015-08-24 14:48:54.597] [INFO] [default] - { resultCode: 9040,
  msg: '商家不存在',
  data: {},
  encryptType: '0',
  act: 'requestSellerDetail' }
[2015-08-24 14:48:54.597] [INFO] [default] - {}
[2015-08-24 14:49:48.357] [INFO] [default] - { url: 'getCardList',
  encryptType: '1',
  data: 
   { currentIndex: '1',
     pageCount: '20',
     cardType: '1,2,5',
     cityId: '53',
     distance: '99999000' },
  session: 'eyJ0b2tlbiI6ImJjNmI0OWM2YjY0YzRhNDZhYWUyNzk0ZWQ4M2Q3YTk1IiwidHlwZSI6InRydWUifQ==',
  key: 'bc6b49c6b64c4a46' }
[2015-08-24 14:49:48.358] [INFO] [default] - { request: '{"encryptType":"1","data":"tWugDrPRYZf431Mvcs3kr31jnYo/rAJpg60xfWnQuUWcu5VkJaGqlhtAbys2xFn1KgwK5pM+NJb9ZYeNnYP6JFeN3vBHJWx4PBOHguTvHqaqTwDtRynzorf8pFwPEJC6","session":"eyJ0b2tlbiI6ImJjNmI0OWM2YjY0YzRhNDZhYWUyNzk0ZWQ4M2Q3YTk1IiwidHlwZSI6InRydWUifQ=="}' }
[2015-08-24 14:49:48.359] [INFO] [default] - { weileversion: '290',
  clientos: '104',
  lng: '89.9999',
  lat: '0.0001' }
[2015-08-24 14:49:48.489] [INFO] [default] - { act: 'getCardList',
  resultCode: 0,
  encryptCode: 1,
  msg: '操作成功',
  data: 
   { merchantList: 
      [ [Object],
        [Object],
        [Object],
        [Object],
        [Object],
        [Object],
        [Object],
        [Object],
        [Object],
        [Object],
        [Object],
        [Object],
        [Object],
        [Object],
        [Object],
        [Object],
        [Object],
        [Object],
        [Object],
        [Object] ] } }
[2015-08-24 14:49:48.492] [INFO] [default] - { merchantList: 
   [ { id: '11063981',
       cardList: [Object],
       distance: '0.0',
       name: '林坤_85度C',
       star: '3.0',
       hotDegree: '900' },
     { id: '11063979',
       cardList: [Object],
       distance: '0.0',
       name: '小叮当宠物店',
       star: '5.0',
       hotDegree: '360' },
     { id: '11063977',
       cardList: [Object],
       distance: '0.0',
       name: '晓彤的冷饮餐厅',
       star: '3.0',
       hotDegree: '90' },
     { id: '11063976',
       cardList: [Object],
       distance: '0.0',
       name: '陈珊干洗店',
       star: '3.0',
       hotDegree: '50' },
     { id: '11063974',
       cardList: [Object],
       distance: '0.0',
       name: '好时面包店',
       star: '3.0',
       hotDegree: '50' },
     { id: '11063973',
       cardList: [Object],
       distance: '0.0',
       name: '李冬芳化妆品店',
       star: '3.0',
       hotDegree: '270' },
     { id: '11063972',
       cardList: [Object],
       distance: '0.0',
       name: '盛明私房菜',
       star: '5.0',
       hotDegree: '370' },
     { id: '11063970',
       cardList: [Object],
       distance: '0.0',
       name: '余勇服装店',
       star: '3.0',
       hotDegree: '0' },
     { id: '11063968',
       cardList: [Object],
       distance: '0.0',
       name: '海欣汽车工坊',
       star: '3.0',
       hotDegree: '60' },
     { id: '11063967',
       cardList: [Object],
       distance: '0.0',
       name: '蒋品鲜果园',
       star: '3.0',
       hotDegree: '90' },
     { id: '11063965',
       cardList: [Object],
       distance: '0.0',
       name: '微乐KTV',
       star: '3.0',
       hotDegree: '210' },
     { id: '11063964',
       cardList: [Object],
       distance: '0.0',
       name: '新林文具店',
       star: '3.0',
       hotDegree: '110' },
     { id: '11063960',
       cardList: [Object],
       distance: '0.0',
       name: '佳佳蛋糕店',
       star: '3.0',
       hotDegree: '70' },
     { id: '11063955',
       cardList: [Object],
       distance: '0.0',
       name: '碧花化妆品店',
       star: '3.0',
       hotDegree: '230' },
     { id: '11063953',
       cardList: [Object],
       distance: '0.0',
       name: '张秀珍干洗店',
       star: '3.0',
       hotDegree: '20' },
     { id: '11063952',
       cardList: [Object],
       distance: '0.0',
       name: '小草干洗店',
       star: '3.0',
       hotDegree: '130' },
     { id: '11063951',
       cardList: [Object],
       distance: '0.0',
       name: '恐怖蛋糕屋',
       star: '3.0',
       hotDegree: '120' },
     { id: '11063950',
       cardList: [Object],
       distance: '0.0',
       name: '龙光卤味',
       star: '3.0',
       hotDegree: '280' },
     { id: '11063949',
       cardList: [Object],
       distance: '0.0',
       name: '董云私房菜',
       star: '3.0',
       hotDegree: '70' },
     { id: '11063947',
       cardList: [Object],
       distance: '0.0',
       name: '微乐福州事业部按摩店r（肖）11sef',
       star: '3.0',
       hotDegree: '490' } ] }
[2015-08-24 14:49:54.160] [INFO] [default] - { url: 'requestSellerDetail',
  encryptType: undefined,
  data: { merchantId: '11063981' },
  session: 'eyJ0b2tlbiI6ImJjNmI0OWM2YjY0YzRhNDZhYWUyNzk0ZWQ4M2Q3YTk1IiwidHlwZSI6InRydWUifQ==',
  key: 'bc6b49c6b64c4a46' }
[2015-08-24 14:49:54.160] [INFO] [default] - { request: '{"encryptType":1,"data":"mID/aEnol+laG4O5ekYwbownP6FT9LapZRnrlIjK88g=","session":"eyJ0b2tlbiI6ImJjNmI0OWM2YjY0YzRhNDZhYWUyNzk0ZWQ4M2Q3YTk1IiwidHlwZSI6InRydWUifQ=="}' }
[2015-08-24 14:49:54.161] [INFO] [default] - { weileversion: '290',
  clientos: '104',
  lng: '89.9999',
  lat: '0.0001' }
[2015-08-24 14:49:54.942] [INFO] [default] - { act: 'requestSellerDetail',
  resultCode: 0,
  encryptCode: 1,
  msg: '操作成功',
  data: 
   { merchantMenuMsg: '提前100分钟下单,10元起送',
     phone: '0591-66598648',
     desc: '85度c山寨版，不过85度C的所有东西我都有。而且只有正版的5折哦。大家来买哦。',
     businessTime: '08:00-20:00',
     lng: '119.24345300000000',
     merchantMenuEnable: '1',
     coupons: [ [Object] ],
     smallIcon: '',
     menuImage: 'http://preimg.v89.com:8888/group1/M00/00/00/fwAAAVW55G-AfuxxAABlhZoZ-nA649_310*391.jpg',
     isCollection: '0',
     name: '林坤_85度C',
     merchantSmsNO: '',
     activityDesc: '',
     lat: '26.04613700000000',
     cards: [],
     icon: 'http://preimg.v89.com:8888/group1/M00/01/01/fwAAAVW526WAAqX2AABlhZoZ-nA477_310*391_640x360.jpg',
     isSafeGuard: '0',
     collectionCount: '1',
     safeGuardInfo: '未消费 随便退',
     star: '3.0',
     commentCount: '0',
     hotDegree: '900',
     cashCoupons: [],
     vcards: [],
     serviceList: [ [Object], [Object] ],
     mcards: [],
     address: '福州市金山大道618号橘园创意园67号5楼',
     detailIcon: [ [Object], [Object], [Object], [Object], [Object] ],
     weilePrivInfo: '',
     uuid: '1112717368',
     stores: [ [Object] ],
     commentList: [] } }
[2015-08-24 14:49:54.944] [INFO] [default] - { merchantMenuMsg: '提前100分钟下单,10元起送',
  phone: '0591-66598648',
  desc: '85度c山寨版，不过85度C的所有东西我都有。而且只有正版的5折哦。大家来买哦。',
  businessTime: '08:00-20:00',
  lng: '119.24345300000000',
  merchantMenuEnable: '1',
  coupons: 
   [ { cardTempId: '3',
       cardValue: '20000',
       couponId: '4562',
       description: '发放时间：2015-07-29至2015-12-31\n领用用户限制：每个用户每天一张\n领用距离限制：同城\n',
       displayName: '凭券到店消费满100元, 立减20元',
       distanceLimit: '0',
       effectiveDate: '2015-12-31 23:59:59',
       effectiveTime: '7',
       effectiveType: '2',
       friendCardCount: '0',
       imageInfo: '[]',
       isAllowReceive: '0',
       isEnableDistanceLimit: '1',
       isReceive: '0',
       logoUrl: 'http://preimg.v89.com:8888/group1/M00/01/00/fwAAAVW51qqAMr7jAABlhZoZ-nA801_310*391.jpg',
       merchantId: '11063981',
       merchantType: '1',
       name: '凭券到店消费满100元, 立减20元',
       preferentialFlage: '减',
       preferentialName: '满减券',
       preferentialType: '1',
       provideDateBegin: '2015-07-29 00:00:00',
       provideDateEnd: '2015-12-31 23:59:59',
       receiveCount: '3',
       receivePrice: '0',
       rule: '使用时段：周末不可用 </br>详细说明：</br>优惠券！！！！',
       stockCount: '10997',
       stores: '[11063981]',
       type: '1',
       useCount: '1' } ],
  smallIcon: '',
  menuImage: 'http://preimg.v89.com:8888/group1/M00/00/00/fwAAAVW55G-AfuxxAABlhZoZ-nA649_310*391.jpg',
  isCollection: '0',
  name: '林坤_85度C',
  merchantSmsNO: '',
  activityDesc: '',
  lat: '26.04613700000000',
  cards: [],
  icon: 'http://preimg.v89.com:8888/group1/M00/01/01/fwAAAVW526WAAqX2AABlhZoZ-nA477_310*391_640x360.jpg',
  isSafeGuard: '0',
  collectionCount: '1',
  safeGuardInfo: '未消费 随便退',
  star: '3.0',
  commentCount: '0',
  hotDegree: '900',
  cashCoupons: [],
  vcards: [],
  serviceList: 
   [ { serviceImage: 'http://weile.v89.com:8080/WeiLe/upload/facilities_services_icon_wifi.png',
       serviceName: 'WIFI' },
     { serviceImage: 'http://weile.v89.com:8080/WeiLe/upload/facilities_services_icon_airconditioning.png',
       serviceName: '空调' } ],
  mcards: [],
  address: '福州市金山大道618号橘园创意园67号5楼',
  detailIcon: 
   [ { smallImage: 'http://preimg.v89.com:8888/group1/M00/01/01/fwAAAVW526iAPxaoAABm03q1m3Q169_310*403_180x180.jpg',
       bigImage: 'http://preimg.v89.com:8888/group1/M00/01/01/fwAAAVW526iAPxaoAABm03q1m3Q169_310*403_640x640.jpg' },
     { smallImage: 'http://preimg.v89.com:8888/group1/M00/01/01/fwAAAVW526mAF9tSAAERN52vwNc655_310*1070_180x180.jpg',
       bigImage: 'http://preimg.v89.com:8888/group1/M00/01/01/fwAAAVW526mAF9tSAAERN52vwNc655_310*1070_640x640.jpg' },
     { smallImage: 'http://preimg.v89.com:8888/group1/M00/01/01/fwAAAVW526uAB-sWAAERN52vwNc867_310*1070_180x180.jpg',
       bigImage: 'http://preimg.v89.com:8888/group1/M00/01/01/fwAAAVW526uAB-sWAAERN52vwNc867_310*1070_640x640.jpg' },
     { smallImage: 'http://preimg.v89.com:8888/group1/M00/01/01/fwAAAVW5262AdaVfAABlhZoZ-nA120_310*391_180x180.jpg',
       bigImage: 'http://preimg.v89.com:8888/group1/M00/01/01/fwAAAVW5262AdaVfAABlhZoZ-nA120_310*391_640x640.jpg' },
     { smallImage: 'http://preimg.v89.com:8888/group1/M00/01/01/fwAAAVW527KAXyEvAABdjmVgGh8348_310*310_180x180.jpg',
       bigImage: 'http://preimg.v89.com:8888/group1/M00/01/01/fwAAAVW527KAXyEvAABdjmVgGh8348_310*310_640x640.jpg' } ],
  weilePrivInfo: '',
  uuid: '1112717368',
  stores: 
   [ { address: '福州市金山大道618号橘园创意园67号5楼',
       distance: '4272175',
       latitude: '26.04613700000000',
       longitude: '119.24345300000000',
       name: '林坤_85度C',
       phone: '0591-66598648',
       regionId: '520',
       storeId: '11063981' } ],
  commentList: [] }
[2015-08-24 14:52:10.235] [WARN] [default] - 用户IP: 117.136.82.232
[2015-08-24 14:52:10.334] [WARN] [default] - { code: 0,
  data: 
   { country: '中国',
     country_id: 'CN',
     area: '西南',
     area_id: '500000',
     region: '四川省',
     region_id: '510000',
     city: '成都市',
     city_id: '510100',
     county: '',
     county_id: '-1',
     isp: '移动',
     isp_id: '100025',
     ip: '117.136.82.232' } }
[2015-08-24 14:52:10.429] [WARN] [default] - 用户IP: 117.136.82.232
[2015-08-24 14:52:10.676] [WARN] [default] - { code: 0,
  data: 
   { country: '中国',
     country_id: 'CN',
     area: '西南',
     area_id: '500000',
     region: '四川省',
     region_id: '510000',
     city: '成都市',
     city_id: '510100',
     county: '',
     county_id: '-1',
     isp: '移动',
     isp_id: '100025',
     ip: '117.136.82.232' } }
[2015-08-24 14:52:11.062] [INFO] [default] - { url: 'requestSellerDetail',
  encryptType: undefined,
  data: { merchantId: '11063981' },
  session: 'eyJ0b2tlbiI6ImJjNmI0OWM2YjY0YzRhNDZhYWUyNzk0ZWQ4M2Q3YTk1IiwidHlwZSI6InRydWUifQ==',
  key: 'bc6b49c6b64c4a46' }
[2015-08-24 14:52:11.063] [INFO] [default] - { request: '{"encryptType":1,"data":"mID/aEnol+laG4O5ekYwbownP6FT9LapZRnrlIjK88g=","session":"eyJ0b2tlbiI6ImJjNmI0OWM2YjY0YzRhNDZhYWUyNzk0ZWQ4M2Q3YTk1IiwidHlwZSI6InRydWUifQ=="}' }
[2015-08-24 14:52:11.064] [INFO] [default] - { weileversion: '290',
  clientos: '104',
  lng: '89.9999',
  lat: '0.0001' }
[2015-08-24 14:52:11.211] [INFO] [default] - { act: 'requestSellerDetail',
  resultCode: 0,
  encryptCode: 1,
  msg: '操作成功',
  data: 
   { merchantMenuMsg: '提前100分钟下单,10元起送',
     phone: '0591-66598648',
     desc: '85度c山寨版，不过85度C的所有东西我都有。而且只有正版的5折哦。大家来买哦。',
     businessTime: '08:00-20:00',
     lng: '119.24345300000000',
     merchantMenuEnable: '1',
     coupons: [ [Object] ],
     smallIcon: '',
     menuImage: 'http://preimg.v89.com:8888/group1/M00/00/00/fwAAAVW55G-AfuxxAABlhZoZ-nA649_310*391.jpg',
     isCollection: '0',
     name: '林坤_85度C',
     merchantSmsNO: '',
     activityDesc: '',
     lat: '26.04613700000000',
     cards: [],
     icon: 'http://preimg.v89.com:8888/group1/M00/01/01/fwAAAVW526WAAqX2AABlhZoZ-nA477_310*391_640x360.jpg',
     isSafeGuard: '0',
     collectionCount: '1',
     safeGuardInfo: '未消费 随便退',
     star: '3.0',
     commentCount: '0',
     hotDegree: '900',
     cashCoupons: [],
     vcards: [],
     serviceList: [ [Object], [Object] ],
     mcards: [],
     address: '福州市金山大道618号橘园创意园67号5楼',
     detailIcon: [ [Object], [Object], [Object], [Object], [Object] ],
     weilePrivInfo: '',
     uuid: '1112717368',
     stores: [ [Object] ],
     commentList: [] } }
[2015-08-24 14:52:11.216] [INFO] [default] - { merchantMenuMsg: '提前100分钟下单,10元起送',
  phone: '0591-66598648',
  desc: '85度c山寨版，不过85度C的所有东西我都有。而且只有正版的5折哦。大家来买哦。',
  businessTime: '08:00-20:00',
  lng: '119.24345300000000',
  merchantMenuEnable: '1',
  coupons: 
   [ { cardTempId: '3',
       cardValue: '20000',
       couponId: '4562',
       description: '发放时间：2015-07-29至2015-12-31\n领用用户限制：每个用户每天一张\n领用距离限制：同城\n',
       displayName: '凭券到店消费满100元, 立减20元',
       distanceLimit: '0',
       effectiveDate: '2015-12-31 23:59:59',
       effectiveTime: '7',
       effectiveType: '2',
       friendCardCount: '0',
       imageInfo: '[]',
       isAllowReceive: '0',
       isEnableDistanceLimit: '1',
       isReceive: '0',
       logoUrl: 'http://preimg.v89.com:8888/group1/M00/01/00/fwAAAVW51qqAMr7jAABlhZoZ-nA801_310*391.jpg',
       merchantId: '11063981',
       merchantType: '1',
       name: '凭券到店消费满100元, 立减20元',
       preferentialFlage: '减',
       preferentialName: '满减券',
       preferentialType: '1',
       provideDateBegin: '2015-07-29 00:00:00',
       provideDateEnd: '2015-12-31 23:59:59',
       receiveCount: '3',
       receivePrice: '0',
       rule: '使用时段：周末不可用 </br>详细说明：</br>优惠券！！！！',
       stockCount: '10997',
       stores: '[11063981]',
       type: '1',
       useCount: '1' } ],
  smallIcon: '',
  menuImage: 'http://preimg.v89.com:8888/group1/M00/00/00/fwAAAVW55G-AfuxxAABlhZoZ-nA649_310*391.jpg',
  isCollection: '0',
  name: '林坤_85度C',
  merchantSmsNO: '',
  activityDesc: '',
  lat: '26.04613700000000',
  cards: [],
  icon: 'http://preimg.v89.com:8888/group1/M00/01/01/fwAAAVW526WAAqX2AABlhZoZ-nA477_310*391_640x360.jpg',
  isSafeGuard: '0',
  collectionCount: '1',
  safeGuardInfo: '未消费 随便退',
  star: '3.0',
  commentCount: '0',
  hotDegree: '900',
  cashCoupons: [],
  vcards: [],
  serviceList: 
   [ { serviceImage: 'http://weile.v89.com:8080/WeiLe/upload/facilities_services_icon_wifi.png',
       serviceName: 'WIFI' },
     { serviceImage: 'http://weile.v89.com:8080/WeiLe/upload/facilities_services_icon_airconditioning.png',
       serviceName: '空调' } ],
  mcards: [],
  address: '福州市金山大道618号橘园创意园67号5楼',
  detailIcon: 
   [ { smallImage: 'http://preimg.v89.com:8888/group1/M00/01/01/fwAAAVW526iAPxaoAABm03q1m3Q169_310*403_180x180.jpg',
       bigImage: 'http://preimg.v89.com:8888/group1/M00/01/01/fwAAAVW526iAPxaoAABm03q1m3Q169_310*403_640x640.jpg' },
     { smallImage: 'http://preimg.v89.com:8888/group1/M00/01/01/fwAAAVW526mAF9tSAAERN52vwNc655_310*1070_180x180.jpg',
       bigImage: 'http://preimg.v89.com:8888/group1/M00/01/01/fwAAAVW526mAF9tSAAERN52vwNc655_310*1070_640x640.jpg' },
     { smallImage: 'http://preimg.v89.com:8888/group1/M00/01/01/fwAAAVW526uAB-sWAAERN52vwNc867_310*1070_180x180.jpg',
       bigImage: 'http://preimg.v89.com:8888/group1/M00/01/01/fwAAAVW526uAB-sWAAERN52vwNc867_310*1070_640x640.jpg' },
     { smallImage: 'http://preimg.v89.com:8888/group1/M00/01/01/fwAAAVW5262AdaVfAABlhZoZ-nA120_310*391_180x180.jpg',
       bigImage: 'http://preimg.v89.com:8888/group1/M00/01/01/fwAAAVW5262AdaVfAABlhZoZ-nA120_310*391_640x640.jpg' },
     { smallImage: 'http://preimg.v89.com:8888/group1/M00/01/01/fwAAAVW527KAXyEvAABdjmVgGh8348_310*310_180x180.jpg',
       bigImage: 'http://preimg.v89.com:8888/group1/M00/01/01/fwAAAVW527KAXyEvAABdjmVgGh8348_310*310_640x640.jpg' } ],
  weilePrivInfo: '',
  uuid: '1112717368',
  stores: 
   [ { address: '福州市金山大道618号橘园创意园67号5楼',
       distance: '4272175',
       latitude: '26.04613700000000',
       longitude: '119.24345300000000',
       name: '林坤_85度C',
       phone: '0591-66598648',
       regionId: '520',
       storeId: '11063981' } ],
  commentList: [] }
[2015-08-24 14:52:13.327] [INFO] [default] - { url: 'getCardList',
  encryptType: '1',
  data: 
   { currentIndex: '1',
     pageCount: '20',
     cardType: '1,2,5',
     cityId: '53',
     distance: '99999000' },
  session: 'eyJ0b2tlbiI6ImJjNmI0OWM2YjY0YzRhNDZhYWUyNzk0ZWQ4M2Q3YTk1IiwidHlwZSI6InRydWUifQ==',
  key: 'bc6b49c6b64c4a46' }
[2015-08-24 14:52:13.327] [INFO] [default] - { request: '{"encryptType":"1","data":"tWugDrPRYZf431Mvcs3kr31jnYo/rAJpg60xfWnQuUWcu5VkJaGqlhtAbys2xFn1KgwK5pM+NJb9ZYeNnYP6JFeN3vBHJWx4PBOHguTvHqaqTwDtRynzorf8pFwPEJC6","session":"eyJ0b2tlbiI6ImJjNmI0OWM2YjY0YzRhNDZhYWUyNzk0ZWQ4M2Q3YTk1IiwidHlwZSI6InRydWUifQ=="}' }
[2015-08-24 14:52:13.329] [INFO] [default] - { weileversion: '290',
  clientos: '104',
  lng: '89.9999',
  lat: '0.0001' }
[2015-08-24 14:52:13.420] [INFO] [default] - { act: 'getCardList',
  resultCode: 0,
  encryptCode: 1,
  msg: '操作成功',
  data: 
   { merchantList: 
      [ [Object],
        [Object],
        [Object],
        [Object],
        [Object],
        [Object],
        [Object],
        [Object],
        [Object],
        [Object],
        [Object],
        [Object],
        [Object],
        [Object],
        [Object],
        [Object],
        [Object],
        [Object],
        [Object],
        [Object] ] } }
[2015-08-24 14:52:13.422] [INFO] [default] - { merchantList: 
   [ { id: '11063981',
       cardList: [Object],
       distance: '0.0',
       name: '林坤_85度C',
       star: '3.0',
       hotDegree: '900' },
     { id: '11063979',
       cardList: [Object],
       distance: '0.0',
       name: '小叮当宠物店',
       star: '5.0',
       hotDegree: '360' },
     { id: '11063977',
       cardList: [Object],
       distance: '0.0',
       name: '晓彤的冷饮餐厅',
       star: '3.0',
       hotDegree: '90' },
     { id: '11063976',
       cardList: [Object],
       distance: '0.0',
       name: '陈珊干洗店',
       star: '3.0',
       hotDegree: '50' },
     { id: '11063974',
       cardList: [Object],
       distance: '0.0',
       name: '好时面包店',
       star: '3.0',
       hotDegree: '50' },
     { id: '11063973',
       cardList: [Object],
       distance: '0.0',
       name: '李冬芳化妆品店',
       star: '3.0',
       hotDegree: '270' },
     { id: '11063972',
       cardList: [Object],
       distance: '0.0',
       name: '盛明私房菜',
       star: '5.0',
       hotDegree: '370' },
     { id: '11063970',
       cardList: [Object],
       distance: '0.0',
       name: '余勇服装店',
       star: '3.0',
       hotDegree: '0' },
     { id: '11063968',
       cardList: [Object],
       distance: '0.0',
       name: '海欣汽车工坊',
       star: '3.0',
       hotDegree: '60' },
     { id: '11063967',
       cardList: [Object],
       distance: '0.0',
       name: '蒋品鲜果园',
       star: '3.0',
       hotDegree: '90' },
     { id: '11063965',
       cardList: [Object],
       distance: '0.0',
       name: '微乐KTV',
       star: '3.0',
       hotDegree: '210' },
     { id: '11063964',
       cardList: [Object],
       distance: '0.0',
       name: '新林文具店',
       star: '3.0',
       hotDegree: '110' },
     { id: '11063960',
       cardList: [Object],
       distance: '0.0',
       name: '佳佳蛋糕店',
       star: '3.0',
       hotDegree: '70' },
     { id: '11063955',
       cardList: [Object],
       distance: '0.0',
       name: '碧花化妆品店',
       star: '3.0',
       hotDegree: '230' },
     { id: '11063953',
       cardList: [Object],
       distance: '0.0',
       name: '张秀珍干洗店',
       star: '3.0',
       hotDegree: '20' },
     { id: '11063952',
       cardList: [Object],
       distance: '0.0',
       name: '小草干洗店',
       star: '3.0',
       hotDegree: '130' },
     { id: '11063951',
       cardList: [Object],
       distance: '0.0',
       name: '恐怖蛋糕屋',
       star: '3.0',
       hotDegree: '120' },
     { id: '11063950',
       cardList: [Object],
       distance: '0.0',
       name: '龙光卤味',
       star: '3.0',
       hotDegree: '280' },
     { id: '11063949',
       cardList: [Object],
       distance: '0.0',
       name: '董云私房菜',
       star: '3.0',
       hotDegree: '70' },
     { id: '11063947',
       cardList: [Object],
       distance: '0.0',
       name: '微乐福州事业部按摩店r（肖）11sef',
       star: '3.0',
       hotDegree: '490' } ] }
[2015-08-24 14:53:38.510] [INFO] [default] - { url: 'requestSellerDetail',
  encryptType: undefined,
  data: { merchantId: '11063981' },
  session: 'eyJ0b2tlbiI6ImJjNmI0OWM2YjY0YzRhNDZhYWUyNzk0ZWQ4M2Q3YTk1IiwidHlwZSI6InRydWUifQ==',
  key: 'bc6b49c6b64c4a46' }
[2015-08-24 14:53:38.517] [INFO] [default] - { request: '{"encryptType":1,"data":"mID/aEnol+laG4O5ekYwbownP6FT9LapZRnrlIjK88g=","session":"eyJ0b2tlbiI6ImJjNmI0OWM2YjY0YzRhNDZhYWUyNzk0ZWQ4M2Q3YTk1IiwidHlwZSI6InRydWUifQ=="}' }
[2015-08-24 14:53:38.526] [INFO] [default] - { weileversion: '290',
  clientos: '104',
  lng: '89.9999',
  lat: '0.0001' }
[2015-08-24 14:53:38.682] [INFO] [default] - { act: 'requestSellerDetail',
  resultCode: 0,
  encryptCode: 1,
  msg: '操作成功',
  data: 
   { merchantMenuMsg: '提前100分钟下单,10元起送',
     phone: '0591-66598648',
     desc: '85度c山寨版，不过85度C的所有东西我都有。而且只有正版的5折哦。大家来买哦。',
     businessTime: '08:00-20:00',
     lng: '119.24345300000000',
     merchantMenuEnable: '1',
     coupons: [ [Object] ],
     smallIcon: '',
     menuImage: 'http://preimg.v89.com:8888/group1/M00/00/00/fwAAAVW55G-AfuxxAABlhZoZ-nA649_310*391.jpg',
     isCollection: '0',
     name: '林坤_85度C',
     merchantSmsNO: '',
     activityDesc: '',
     lat: '26.04613700000000',
     cards: [],
     icon: 'http://preimg.v89.com:8888/group1/M00/01/01/fwAAAVW526WAAqX2AABlhZoZ-nA477_310*391_640x360.jpg',
     isSafeGuard: '0',
     collectionCount: '1',
     safeGuardInfo: '未消费 随便退',
     star: '3.0',
     commentCount: '0',
     hotDegree: '900',
     cashCoupons: [],
     vcards: [],
     serviceList: [ [Object], [Object] ],
     mcards: [],
     address: '福州市金山大道618号橘园创意园67号5楼',
     detailIcon: [ [Object], [Object], [Object], [Object], [Object] ],
     weilePrivInfo: '',
     uuid: '1112717368',
     stores: [ [Object] ],
     commentList: [] } }
[2015-08-24 14:53:38.684] [INFO] [default] - { merchantMenuMsg: '提前100分钟下单,10元起送',
  phone: '0591-66598648',
  desc: '85度c山寨版，不过85度C的所有东西我都有。而且只有正版的5折哦。大家来买哦。',
  businessTime: '08:00-20:00',
  lng: '119.24345300000000',
  merchantMenuEnable: '1',
  coupons: 
   [ { cardTempId: '3',
       cardValue: '20000',
       couponId: '4562',
       description: '发放时间：2015-07-29至2015-12-31\n领用用户限制：每个用户每天一张\n领用距离限制：同城\n',
       displayName: '凭券到店消费满100元, 立减20元',
       distanceLimit: '0',
       effectiveDate: '2015-12-31 23:59:59',
       effectiveTime: '7',
       effectiveType: '2',
       friendCardCount: '0',
       imageInfo: '[]',
       isAllowReceive: '0',
       isEnableDistanceLimit: '1',
       isReceive: '0',
       logoUrl: 'http://preimg.v89.com:8888/group1/M00/01/00/fwAAAVW51qqAMr7jAABlhZoZ-nA801_310*391.jpg',
       merchantId: '11063981',
       merchantType: '1',
       name: '凭券到店消费满100元, 立减20元',
       preferentialFlage: '减',
       preferentialName: '满减券',
       preferentialType: '1',
       provideDateBegin: '2015-07-29 00:00:00',
       provideDateEnd: '2015-12-31 23:59:59',
       receiveCount: '3',
       receivePrice: '0',
       rule: '使用时段：周末不可用 </br>详细说明：</br>优惠券！！！！',
       stockCount: '10997',
       stores: '[11063981]',
       type: '1',
       useCount: '1' } ],
  smallIcon: '',
  menuImage: 'http://preimg.v89.com:8888/group1/M00/00/00/fwAAAVW55G-AfuxxAABlhZoZ-nA649_310*391.jpg',
  isCollection: '0',
  name: '林坤_85度C',
  merchantSmsNO: '',
  activityDesc: '',
  lat: '26.04613700000000',
  cards: [],
  icon: 'http://preimg.v89.com:8888/group1/M00/01/01/fwAAAVW526WAAqX2AABlhZoZ-nA477_310*391_640x360.jpg',
  isSafeGuard: '0',
  collectionCount: '1',
  safeGuardInfo: '未消费 随便退',
  star: '3.0',
  commentCount: '0',
  hotDegree: '900',
  cashCoupons: [],
  vcards: [],
  serviceList: 
   [ { serviceImage: 'http://weile.v89.com:8080/WeiLe/upload/facilities_services_icon_wifi.png',
       serviceName: 'WIFI' },
     { serviceImage: 'http://weile.v89.com:8080/WeiLe/upload/facilities_services_icon_airconditioning.png',
       serviceName: '空调' } ],
  mcards: [],
  address: '福州市金山大道618号橘园创意园67号5楼',
  detailIcon: 
   [ { smallImage: 'http://preimg.v89.com:8888/group1/M00/01/01/fwAAAVW526iAPxaoAABm03q1m3Q169_310*403_180x180.jpg',
       bigImage: 'http://preimg.v89.com:8888/group1/M00/01/01/fwAAAVW526iAPxaoAABm03q1m3Q169_310*403_640x640.jpg' },
     { smallImage: 'http://preimg.v89.com:8888/group1/M00/01/01/fwAAAVW526mAF9tSAAERN52vwNc655_310*1070_180x180.jpg',
       bigImage: 'http://preimg.v89.com:8888/group1/M00/01/01/fwAAAVW526mAF9tSAAERN52vwNc655_310*1070_640x640.jpg' },
     { smallImage: 'http://preimg.v89.com:8888/group1/M00/01/01/fwAAAVW526uAB-sWAAERN52vwNc867_310*1070_180x180.jpg',
       bigImage: 'http://preimg.v89.com:8888/group1/M00/01/01/fwAAAVW526uAB-sWAAERN52vwNc867_310*1070_640x640.jpg' },
     { smallImage: 'http://preimg.v89.com:8888/group1/M00/01/01/fwAAAVW5262AdaVfAABlhZoZ-nA120_310*391_180x180.jpg',
       bigImage: 'http://preimg.v89.com:8888/group1/M00/01/01/fwAAAVW5262AdaVfAABlhZoZ-nA120_310*391_640x640.jpg' },
     { smallImage: 'http://preimg.v89.com:8888/group1/M00/01/01/fwAAAVW527KAXyEvAABdjmVgGh8348_310*310_180x180.jpg',
       bigImage: 'http://preimg.v89.com:8888/group1/M00/01/01/fwAAAVW527KAXyEvAABdjmVgGh8348_310*310_640x640.jpg' } ],
  weilePrivInfo: '',
  uuid: '1112717368',
  stores: 
   [ { address: '福州市金山大道618号橘园创意园67号5楼',
       distance: '4272175',
       latitude: '26.04613700000000',
       longitude: '119.24345300000000',
       name: '林坤_85度C',
       phone: '0591-66598648',
       regionId: '520',
       storeId: '11063981' } ],
  commentList: [] }
[2015-08-24 14:54:37.810] [WARN] [default] - 用户IP: 117.136.82.232
[2015-08-24 14:54:37.881] [WARN] [default] - { code: 0,
  data: 
   { country: '中国',
     country_id: 'CN',
     area: '西南',
     area_id: '500000',
     region: '四川省',
     region_id: '510000',
     city: '成都市',
     city_id: '510100',
     county: '',
     county_id: '-1',
     isp: '移动',
     isp_id: '100025',
     ip: '117.136.82.232' } }
[2015-08-24 14:54:42.492] [WARN] [default] - 用户IP: 117.136.82.232
[2015-08-24 14:54:42.609] [WARN] [default] - { code: 0,
  data: 
   { country: '中国',
     country_id: 'CN',
     area: '西南',
     area_id: '500000',
     region: '四川省',
     region_id: '510000',
     city: '成都市',
     city_id: '510100',
     county: '',
     county_id: '-1',
     isp: '移动',
     isp_id: '100025',
     ip: '117.136.82.232' } }
[2015-08-24 14:54:42.969] [INFO] [default] - { url: 'requestSellerDetail',
  encryptType: undefined,
  data: { merchantId: '11063981' },
  session: 'eyJ0b2tlbiI6ImJjNmI0OWM2YjY0YzRhNDZhYWUyNzk0ZWQ4M2Q3YTk1IiwidHlwZSI6InRydWUifQ==',
  key: 'bc6b49c6b64c4a46' }
[2015-08-24 14:54:42.970] [INFO] [default] - { request: '{"encryptType":1,"data":"mID/aEnol+laG4O5ekYwbownP6FT9LapZRnrlIjK88g=","session":"eyJ0b2tlbiI6ImJjNmI0OWM2YjY0YzRhNDZhYWUyNzk0ZWQ4M2Q3YTk1IiwidHlwZSI6InRydWUifQ=="}' }
[2015-08-24 14:54:42.971] [INFO] [default] - { weileversion: '290',
  clientos: '104',
  lng: '89.9999',
  lat: '0.0001' }
[2015-08-24 14:54:43.055] [INFO] [default] - { act: 'requestSellerDetail',
  resultCode: 0,
  encryptCode: 1,
  msg: '操作成功',
  data: 
   { merchantMenuMsg: '提前100分钟下单,10元起送',
     phone: '0591-66598648',
     desc: '85度c山寨版，不过85度C的所有东西我都有。而且只有正版的5折哦。大家来买哦。',
     businessTime: '08:00-20:00',
     lng: '119.24345300000000',
     merchantMenuEnable: '1',
     coupons: [ [Object] ],
     smallIcon: '',
     menuImage: 'http://preimg.v89.com:8888/group1/M00/00/00/fwAAAVW55G-AfuxxAABlhZoZ-nA649_310*391.jpg',
     isCollection: '0',
     name: '林坤_85度C',
     merchantSmsNO: '',
     activityDesc: '',
     lat: '26.04613700000000',
     cards: [],
     icon: 'http://preimg.v89.com:8888/group1/M00/01/01/fwAAAVW526WAAqX2AABlhZoZ-nA477_310*391_640x360.jpg',
     isSafeGuard: '0',
     collectionCount: '1',
     safeGuardInfo: '未消费 随便退',
     star: '3.0',
     commentCount: '0',
     hotDegree: '900',
     cashCoupons: [],
     vcards: [],
     serviceList: [ [Object], [Object] ],
     mcards: [],
     address: '福州市金山大道618号橘园创意园67号5楼',
     detailIcon: [ [Object], [Object], [Object], [Object], [Object] ],
     weilePrivInfo: '',
     uuid: '1112717368',
     stores: [ [Object] ],
     commentList: [] } }
[2015-08-24 14:54:43.057] [INFO] [default] - { merchantMenuMsg: '提前100分钟下单,10元起送',
  phone: '0591-66598648',
  desc: '85度c山寨版，不过85度C的所有东西我都有。而且只有正版的5折哦。大家来买哦。',
  businessTime: '08:00-20:00',
  lng: '119.24345300000000',
  merchantMenuEnable: '1',
  coupons: 
   [ { cardTempId: '3',
       cardValue: '20000',
       couponId: '4562',
       description: '发放时间：2015-07-29至2015-12-31\n领用用户限制：每个用户每天一张\n领用距离限制：同城\n',
       displayName: '凭券到店消费满100元, 立减20元',
       distanceLimit: '0',
       effectiveDate: '2015-12-31 23:59:59',
       effectiveTime: '7',
       effectiveType: '2',
       friendCardCount: '0',
       imageInfo: '[]',
       isAllowReceive: '0',
       isEnableDistanceLimit: '1',
       isReceive: '0',
       logoUrl: 'http://preimg.v89.com:8888/group1/M00/01/00/fwAAAVW51qqAMr7jAABlhZoZ-nA801_310*391.jpg',
       merchantId: '11063981',
       merchantType: '1',
       name: '凭券到店消费满100元, 立减20元',
       preferentialFlage: '减',
       preferentialName: '满减券',
       preferentialType: '1',
       provideDateBegin: '2015-07-29 00:00:00',
       provideDateEnd: '2015-12-31 23:59:59',
       receiveCount: '3',
       receivePrice: '0',
       rule: '使用时段：周末不可用 </br>详细说明：</br>优惠券！！！！',
       stockCount: '10997',
       stores: '[11063981]',
       type: '1',
       useCount: '1' } ],
  smallIcon: '',
  menuImage: 'http://preimg.v89.com:8888/group1/M00/00/00/fwAAAVW55G-AfuxxAABlhZoZ-nA649_310*391.jpg',
  isCollection: '0',
  name: '林坤_85度C',
  merchantSmsNO: '',
  activityDesc: '',
  lat: '26.04613700000000',
  cards: [],
  icon: 'http://preimg.v89.com:8888/group1/M00/01/01/fwAAAVW526WAAqX2AABlhZoZ-nA477_310*391_640x360.jpg',
  isSafeGuard: '0',
  collectionCount: '1',
  safeGuardInfo: '未消费 随便退',
  star: '3.0',
  commentCount: '0',
  hotDegree: '900',
  cashCoupons: [],
  vcards: [],
  serviceList: 
   [ { serviceImage: 'http://weile.v89.com:8080/WeiLe/upload/facilities_services_icon_wifi.png',
       serviceName: 'WIFI' },
     { serviceImage: 'http://weile.v89.com:8080/WeiLe/upload/facilities_services_icon_airconditioning.png',
       serviceName: '空调' } ],
  mcards: [],
  address: '福州市金山大道618号橘园创意园67号5楼',
  detailIcon: 
   [ { smallImage: 'http://preimg.v89.com:8888/group1/M00/01/01/fwAAAVW526iAPxaoAABm03q1m3Q169_310*403_180x180.jpg',
       bigImage: 'http://preimg.v89.com:8888/group1/M00/01/01/fwAAAVW526iAPxaoAABm03q1m3Q169_310*403_640x640.jpg' },
     { smallImage: 'http://preimg.v89.com:8888/group1/M00/01/01/fwAAAVW526mAF9tSAAERN52vwNc655_310*1070_180x180.jpg',
       bigImage: 'http://preimg.v89.com:8888/group1/M00/01/01/fwAAAVW526mAF9tSAAERN52vwNc655_310*1070_640x640.jpg' },
     { smallImage: 'http://preimg.v89.com:8888/group1/M00/01/01/fwAAAVW526uAB-sWAAERN52vwNc867_310*1070_180x180.jpg',
       bigImage: 'http://preimg.v89.com:8888/group1/M00/01/01/fwAAAVW526uAB-sWAAERN52vwNc867_310*1070_640x640.jpg' },
     { smallImage: 'http://preimg.v89.com:8888/group1/M00/01/01/fwAAAVW5262AdaVfAABlhZoZ-nA120_310*391_180x180.jpg',
       bigImage: 'http://preimg.v89.com:8888/group1/M00/01/01/fwAAAVW5262AdaVfAABlhZoZ-nA120_310*391_640x640.jpg' },
     { smallImage: 'http://preimg.v89.com:8888/group1/M00/01/01/fwAAAVW527KAXyEvAABdjmVgGh8348_310*310_180x180.jpg',
       bigImage: 'http://preimg.v89.com:8888/group1/M00/01/01/fwAAAVW527KAXyEvAABdjmVgGh8348_310*310_640x640.jpg' } ],
  weilePrivInfo: '',
  uuid: '1112717368',
  stores: 
   [ { address: '福州市金山大道618号橘园创意园67号5楼',
       distance: '4272175',
       latitude: '26.04613700000000',
       longitude: '119.24345300000000',
       name: '林坤_85度C',
       phone: '0591-66598648',
       regionId: '520',
       storeId: '11063981' } ],
  commentList: [] }
[2015-08-24 14:54:51.215] [INFO] [default] - { url: 'getCardList',
  encryptType: '1',
  data: 
   { currentIndex: '1',
     pageCount: '20',
     cardType: '1,2,5',
     cityId: '322',
     distance: '99999000' },
  session: 'eyJ0b2tlbiI6ImJjNmI0OWM2YjY0YzRhNDZhYWUyNzk0ZWQ4M2Q3YTk1IiwidHlwZSI6InRydWUifQ==',
  key: 'bc6b49c6b64c4a46' }
[2015-08-24 14:54:51.215] [INFO] [default] - { request: '{"encryptType":"1","data":"tWugDrPRYZf431Mvcs3kr31jnYo/rAJpg60xfWnQuUWcu5VkJaGqlhtAbys2xFn1KgwK5pM+NJb9ZYeNnYP6JCXdeM+Xm1/MTLPbRuZTrtEp3LwJILfVWoSXYAUpTZ4J","session":"eyJ0b2tlbiI6ImJjNmI0OWM2YjY0YzRhNDZhYWUyNzk0ZWQ4M2Q3YTk1IiwidHlwZSI6InRydWUifQ=="}' }
[2015-08-24 14:54:51.216] [INFO] [default] - { weileversion: '290',
  clientos: '104',
  lng: '89.9999',
  lat: '0.0001' }
[2015-08-24 14:54:51.301] [INFO] [default] - { act: 'getCardList',
  resultCode: 0,
  encryptCode: 1,
  msg: '操作成功',
  data: { merchantList: [] } }
[2015-08-24 14:54:51.302] [INFO] [default] - { merchantList: [] }
[2015-08-24 15:01:32.422] [WARN] [default] - 用户IP: 117.136.82.232
[2015-08-24 15:01:33.214] [WARN] [default] - 用户IP: 117.136.82.232
[2015-08-24 15:01:33.292] [WARN] [default] - { code: 0,
  data: 
   { country: '中国',
     country_id: 'CN',
     area: '西南',
     area_id: '500000',
     region: '四川省',
     region_id: '510000',
     city: '成都市',
     city_id: '510100',
     county: '',
     county_id: '-1',
     isp: '移动',
     isp_id: '100025',
     ip: '117.136.82.232' } }
[2015-08-24 15:01:33.977] [WARN] [default] - 用户IP: 117.136.82.232
[2015-08-24 15:01:34.000] [WARN] [default] - { code: 0,
  data: 
   { country: '中国',
     country_id: 'CN',
     area: '西南',
     area_id: '500000',
     region: '四川省',
     region_id: '510000',
     city: '成都市',
     city_id: '510100',
     county: '',
     county_id: '-1',
     isp: '移动',
     isp_id: '100025',
     ip: '117.136.82.232' } }
[2015-08-24 15:01:34.188] [WARN] [default] - { code: 0,
  data: 
   { country: '中国',
     country_id: 'CN',
     area: '西南',
     area_id: '500000',
     region: '四川省',
     region_id: '510000',
     city: '成都市',
     city_id: '510100',
     county: '',
     county_id: '-1',
     isp: '移动',
     isp_id: '100025',
     ip: '117.136.82.232' } }
[2015-08-24 15:01:34.378] [INFO] [default] - { url: 'requestSellerDetail',
  encryptType: undefined,
  data: { merchantId: '11063981' },
  session: 'eyJ0b2tlbiI6ImJjNmI0OWM2YjY0YzRhNDZhYWUyNzk0ZWQ4M2Q3YTk1IiwidHlwZSI6InRydWUifQ==',
  key: 'bc6b49c6b64c4a46' }
[2015-08-24 15:01:34.379] [INFO] [default] - { request: '{"encryptType":1,"data":"mID/aEnol+laG4O5ekYwbownP6FT9LapZRnrlIjK88g=","session":"eyJ0b2tlbiI6ImJjNmI0OWM2YjY0YzRhNDZhYWUyNzk0ZWQ4M2Q3YTk1IiwidHlwZSI6InRydWUifQ=="}' }
[2015-08-24 15:01:34.379] [INFO] [default] - { weileversion: '290',
  clientos: '104',
  lng: '89.9999',
  lat: '0.0001' }
[2015-08-24 15:01:34.493] [INFO] [default] - { act: 'requestSellerDetail',
  resultCode: 0,
  encryptCode: 1,
  msg: '操作成功',
  data: 
   { merchantMenuMsg: '提前100分钟下单,10元起送',
     phone: '0591-66598648',
     desc: '85度c山寨版，不过85度C的所有东西我都有。而且只有正版的5折哦。大家来买哦。',
     businessTime: '08:00-20:00',
     lng: '119.24345300000000',
     merchantMenuEnable: '1',
     coupons: [ [Object] ],
     smallIcon: '',
     menuImage: 'http://preimg.v89.com:8888/group1/M00/00/00/fwAAAVW55G-AfuxxAABlhZoZ-nA649_310*391.jpg',
     isCollection: '0',
     name: '林坤_85度C',
     merchantSmsNO: '',
     activityDesc: '',
     lat: '26.04613700000000',
     cards: [],
     icon: 'http://preimg.v89.com:8888/group1/M00/01/01/fwAAAVW526WAAqX2AABlhZoZ-nA477_310*391_640x360.jpg',
     isSafeGuard: '0',
     collectionCount: '1',
     safeGuardInfo: '未消费 随便退',
     star: '3.0',
     commentCount: '0',
     hotDegree: '900',
     cashCoupons: [],
     vcards: [],
     serviceList: [ [Object], [Object] ],
     mcards: [],
     address: '福州市金山大道618号橘园创意园67号5楼',
     detailIcon: [ [Object], [Object], [Object], [Object], [Object] ],
     weilePrivInfo: '',
     uuid: '1112717368',
     stores: [ [Object] ],
     commentList: [] } }
[2015-08-24 15:01:34.495] [INFO] [default] - { merchantMenuMsg: '提前100分钟下单,10元起送',
  phone: '0591-66598648',
  desc: '85度c山寨版，不过85度C的所有东西我都有。而且只有正版的5折哦。大家来买哦。',
  businessTime: '08:00-20:00',
  lng: '119.24345300000000',
  merchantMenuEnable: '1',
  coupons: 
   [ { cardTempId: '3',
       cardValue: '20000',
       couponId: '4562',
       description: '发放时间：2015-07-29至2015-12-31\n领用用户限制：每个用户每天一张\n领用距离限制：同城\n',
       displayName: '凭券到店消费满100元, 立减20元',
       distanceLimit: '0',
       effectiveDate: '2015-12-31 23:59:59',
       effectiveTime: '7',
       effectiveType: '2',
       friendCardCount: '0',
       imageInfo: '[]',
       isAllowReceive: '0',
       isEnableDistanceLimit: '1',
       isReceive: '0',
       logoUrl: 'http://preimg.v89.com:8888/group1/M00/01/00/fwAAAVW51qqAMr7jAABlhZoZ-nA801_310*391.jpg',
       merchantId: '11063981',
       merchantType: '1',
       name: '凭券到店消费满100元, 立减20元',
       preferentialFlage: '减',
       preferentialName: '满减券',
       preferentialType: '1',
       provideDateBegin: '2015-07-29 00:00:00',
       provideDateEnd: '2015-12-31 23:59:59',
       receiveCount: '3',
       receivePrice: '0',
       rule: '使用时段：周末不可用 </br>详细说明：</br>优惠券！！！！',
       stockCount: '10997',
       stores: '[11063981]',
       type: '1',
       useCount: '1' } ],
  smallIcon: '',
  menuImage: 'http://preimg.v89.com:8888/group1/M00/00/00/fwAAAVW55G-AfuxxAABlhZoZ-nA649_310*391.jpg',
  isCollection: '0',
  name: '林坤_85度C',
  merchantSmsNO: '',
  activityDesc: '',
  lat: '26.04613700000000',
  cards: [],
  icon: 'http://preimg.v89.com:8888/group1/M00/01/01/fwAAAVW526WAAqX2AABlhZoZ-nA477_310*391_640x360.jpg',
  isSafeGuard: '0',
  collectionCount: '1',
  safeGuardInfo: '未消费 随便退',
  star: '3.0',
  commentCount: '0',
  hotDegree: '900',
  cashCoupons: [],
  vcards: [],
  serviceList: 
   [ { serviceImage: 'http://weile.v89.com:8080/WeiLe/upload/facilities_services_icon_wifi.png',
       serviceName: 'WIFI' },
     { serviceImage: 'http://weile.v89.com:8080/WeiLe/upload/facilities_services_icon_airconditioning.png',
       serviceName: '空调' } ],
  mcards: [],
  address: '福州市金山大道618号橘园创意园67号5楼',
  detailIcon: 
   [ { smallImage: 'http://preimg.v89.com:8888/group1/M00/01/01/fwAAAVW526iAPxaoAABm03q1m3Q169_310*403_180x180.jpg',
       bigImage: 'http://preimg.v89.com:8888/group1/M00/01/01/fwAAAVW526iAPxaoAABm03q1m3Q169_310*403_640x640.jpg' },
     { smallImage: 'http://preimg.v89.com:8888/group1/M00/01/01/fwAAAVW526mAF9tSAAERN52vwNc655_310*1070_180x180.jpg',
       bigImage: 'http://preimg.v89.com:8888/group1/M00/01/01/fwAAAVW526mAF9tSAAERN52vwNc655_310*1070_640x640.jpg' },
     { smallImage: 'http://preimg.v89.com:8888/group1/M00/01/01/fwAAAVW526uAB-sWAAERN52vwNc867_310*1070_180x180.jpg',
       bigImage: 'http://preimg.v89.com:8888/group1/M00/01/01/fwAAAVW526uAB-sWAAERN52vwNc867_310*1070_640x640.jpg' },
     { smallImage: 'http://preimg.v89.com:8888/group1/M00/01/01/fwAAAVW5262AdaVfAABlhZoZ-nA120_310*391_180x180.jpg',
       bigImage: 'http://preimg.v89.com:8888/group1/M00/01/01/fwAAAVW5262AdaVfAABlhZoZ-nA120_310*391_640x640.jpg' },
     { smallImage: 'http://preimg.v89.com:8888/group1/M00/01/01/fwAAAVW527KAXyEvAABdjmVgGh8348_310*310_180x180.jpg',
       bigImage: 'http://preimg.v89.com:8888/group1/M00/01/01/fwAAAVW527KAXyEvAABdjmVgGh8348_310*310_640x640.jpg' } ],
  weilePrivInfo: '',
  uuid: '1112717368',
  stores: 
   [ { address: '福州市金山大道618号橘园创意园67号5楼',
       distance: '4272175',
       latitude: '26.04613700000000',
       longitude: '119.24345300000000',
       name: '林坤_85度C',
       phone: '0591-66598648',
       regionId: '520',
       storeId: '11063981' } ],
  commentList: [] }
[2015-08-24 16:15:27.319] [WARN] [default] - 用户IP: 117.136.82.232
[2015-08-24 16:15:27.382] [WARN] [default] - { code: 0,
  data: 
   { country: '中国',
     country_id: 'CN',
     area: '西南',
     area_id: '500000',
     region: '四川省',
     region_id: '510000',
     city: '成都市',
     city_id: '510100',
     county: '',
     county_id: '-1',
     isp: '移动',
     isp_id: '100025',
     ip: '117.136.82.232' } }
[2015-08-24 16:15:28.198] [WARN] [default] - 用户IP: 117.136.82.232
[2015-08-24 16:15:28.280] [WARN] [default] - { code: 0,
  data: 
   { country: '中国',
     country_id: 'CN',
     area: '西南',
     area_id: '500000',
     region: '四川省',
     region_id: '510000',
     city: '成都市',
     city_id: '510100',
     county: '',
     county_id: '-1',
     isp: '移动',
     isp_id: '100025',
     ip: '117.136.82.232' } }
[2015-08-24 16:15:28.558] [INFO] [default] - { url: 'requestSellerDetail',
  encryptType: undefined,
  data: { merchantId: '11063981' },
  session: 'eyJ0b2tlbiI6ImJjNmI0OWM2YjY0YzRhNDZhYWUyNzk0ZWQ4M2Q3YTk1IiwidHlwZSI6InRydWUifQ==',
  key: 'bc6b49c6b64c4a46' }
[2015-08-24 16:15:28.559] [INFO] [default] - { request: '{"encryptType":1,"data":"mID/aEnol+laG4O5ekYwbownP6FT9LapZRnrlIjK88g=","session":"eyJ0b2tlbiI6ImJjNmI0OWM2YjY0YzRhNDZhYWUyNzk0ZWQ4M2Q3YTk1IiwidHlwZSI6InRydWUifQ=="}' }
[2015-08-24 16:15:28.559] [INFO] [default] - { weileversion: '290',
  clientos: '104',
  lng: '89.9999',
  lat: '0.0001' }
[2015-08-24 16:15:29.180] [INFO] [default] - { act: 'requestSellerDetail',
  resultCode: 0,
  encryptCode: 1,
  msg: '操作成功',
  data: 
   { merchantMenuMsg: '提前100分钟下单,10元起送',
     phone: '0591-66598648',
     desc: '85度c山寨版，不过85度C的所有东西我都有。而且只有正版的5折哦。大家来买哦。',
     businessTime: '08:00-20:00',
     lng: '119.24345300000000',
     merchantMenuEnable: '1',
     coupons: [ [Object] ],
     smallIcon: '',
     menuImage: 'http://preimg.v89.com:8888/group1/M00/00/00/fwAAAVW55G-AfuxxAABlhZoZ-nA649_310*391.jpg',
     isCollection: '0',
     name: '林坤_85度C',
     merchantSmsNO: '',
     activityDesc: '',
     lat: '26.04613700000000',
     cards: [],
     icon: 'http://preimg.v89.com:8888/group1/M00/01/01/fwAAAVW526WAAqX2AABlhZoZ-nA477_310*391_640x360.jpg',
     isSafeGuard: '0',
     collectionCount: '1',
     safeGuardInfo: '未消费 随便退',
     star: '3.0',
     commentCount: '0',
     hotDegree: '950',
     cashCoupons: [],
     vcards: [],
     serviceList: [ [Object], [Object] ],
     mcards: [],
     address: '福州市金山大道618号橘园创意园67号5楼',
     detailIcon: [ [Object], [Object], [Object], [Object], [Object] ],
     weilePrivInfo: '',
     uuid: '1112717368',
     stores: [ [Object] ],
     commentList: [] } }
[2015-08-24 16:15:29.182] [INFO] [default] - { merchantMenuMsg: '提前100分钟下单,10元起送',
  phone: '0591-66598648',
  desc: '85度c山寨版，不过85度C的所有东西我都有。而且只有正版的5折哦。大家来买哦。',
  businessTime: '08:00-20:00',
  lng: '119.24345300000000',
  merchantMenuEnable: '1',
  coupons: 
   [ { cardTempId: '3',
       cardValue: '20000',
       couponId: '4562',
       description: '发放时间：2015-07-29至2015-12-31\n领用用户限制：每个用户每天一张\n领用距离限制：同城\n',
       displayName: '凭券到店消费满100元, 立减20元',
       distanceLimit: '0',
       effectiveDate: '2015-12-31 23:59:59',
       effectiveTime: '7',
       effectiveType: '2',
       friendCardCount: '0',
       imageInfo: '[]',
       isAllowReceive: '0',
       isEnableDistanceLimit: '1',
       isReceive: '0',
       logoUrl: 'http://preimg.v89.com:8888/group1/M00/01/00/fwAAAVW51qqAMr7jAABlhZoZ-nA801_310*391.jpg',
       merchantId: '11063981',
       merchantType: '1',
       name: '凭券到店消费满100元, 立减20元',
       preferentialFlage: '减',
       preferentialName: '满减券',
       preferentialType: '1',
       provideDateBegin: '2015-07-29 00:00:00',
       provideDateEnd: '2015-12-31 23:59:59',
       receiveCount: '3',
       receivePrice: '0',
       rule: '使用时段：周末不可用 </br>详细说明：</br>优惠券！！！！',
       stockCount: '10997',
       stores: '[11063981]',
       type: '1',
       useCount: '1' } ],
  smallIcon: '',
  menuImage: 'http://preimg.v89.com:8888/group1/M00/00/00/fwAAAVW55G-AfuxxAABlhZoZ-nA649_310*391.jpg',
  isCollection: '0',
  name: '林坤_85度C',
  merchantSmsNO: '',
  activityDesc: '',
  lat: '26.04613700000000',
  cards: [],
  icon: 'http://preimg.v89.com:8888/group1/M00/01/01/fwAAAVW526WAAqX2AABlhZoZ-nA477_310*391_640x360.jpg',
  isSafeGuard: '0',
  collectionCount: '1',
  safeGuardInfo: '未消费 随便退',
  star: '3.0',
  commentCount: '0',
  hotDegree: '950',
  cashCoupons: [],
  vcards: [],
  serviceList: 
   [ { serviceImage: 'http://weile.v89.com:8080/WeiLe/upload/facilities_services_icon_wifi.png',
       serviceName: 'WIFI' },
     { serviceImage: 'http://weile.v89.com:8080/WeiLe/upload/facilities_services_icon_airconditioning.png',
       serviceName: '空调' } ],
  mcards: [],
  address: '福州市金山大道618号橘园创意园67号5楼',
  detailIcon: 
   [ { smallImage: 'http://preimg.v89.com:8888/group1/M00/01/01/fwAAAVW526iAPxaoAABm03q1m3Q169_310*403_180x180.jpg',
       bigImage: 'http://preimg.v89.com:8888/group1/M00/01/01/fwAAAVW526iAPxaoAABm03q1m3Q169_310*403_640x640.jpg' },
     { smallImage: 'http://preimg.v89.com:8888/group1/M00/01/01/fwAAAVW526mAF9tSAAERN52vwNc655_310*1070_180x180.jpg',
       bigImage: 'http://preimg.v89.com:8888/group1/M00/01/01/fwAAAVW526mAF9tSAAERN52vwNc655_310*1070_640x640.jpg' },
     { smallImage: 'http://preimg.v89.com:8888/group1/M00/01/01/fwAAAVW526uAB-sWAAERN52vwNc867_310*1070_180x180.jpg',
       bigImage: 'http://preimg.v89.com:8888/group1/M00/01/01/fwAAAVW526uAB-sWAAERN52vwNc867_310*1070_640x640.jpg' },
     { smallImage: 'http://preimg.v89.com:8888/group1/M00/01/01/fwAAAVW5262AdaVfAABlhZoZ-nA120_310*391_180x180.jpg',
       bigImage: 'http://preimg.v89.com:8888/group1/M00/01/01/fwAAAVW5262AdaVfAABlhZoZ-nA120_310*391_640x640.jpg' },
     { smallImage: 'http://preimg.v89.com:8888/group1/M00/01/01/fwAAAVW527KAXyEvAABdjmVgGh8348_310*310_180x180.jpg',
       bigImage: 'http://preimg.v89.com:8888/group1/M00/01/01/fwAAAVW527KAXyEvAABdjmVgGh8348_310*310_640x640.jpg' } ],
  weilePrivInfo: '',
  uuid: '1112717368',
  stores: 
   [ { address: '福州市金山大道618号橘园创意园67号5楼',
       distance: '4272175',
       latitude: '26.04613700000000',
       longitude: '119.24345300000000',
       name: '林坤_85度C',
       phone: '0591-66598648',
       regionId: '520',
       storeId: '11063981' } ],
  commentList: [] }
[2015-08-24 17:24:20.742] [WARN] [default] - 用户IP: 117.136.82.232
[2015-08-24 17:24:20.818] [WARN] [default] - { code: 0,
  data: 
   { country: '中国',
     country_id: 'CN',
     area: '西南',
     area_id: '500000',
     region: '四川省',
     region_id: '510000',
     city: '成都市',
     city_id: '510100',
     county: '',
     county_id: '-1',
     isp: '移动',
     isp_id: '100025',
     ip: '117.136.82.232' } }
[2015-08-24 17:24:20.926] [WARN] [default] - 用户IP: 117.136.82.232
[2015-08-24 17:24:21.005] [WARN] [default] - { code: 0,
  data: 
   { country: '中国',
     country_id: 'CN',
     area: '西南',
     area_id: '500000',
     region: '四川省',
     region_id: '510000',
     city: '成都市',
     city_id: '510100',
     county: '',
     county_id: '-1',
     isp: '移动',
     isp_id: '100025',
     ip: '117.136.82.232' } }
[2015-08-24 17:24:21.498] [INFO] [default] - { url: 'getCardList',
  encryptType: '1',
  data: 
   { currentIndex: '1',
     pageCount: '20',
     cardType: '1,2,5',
     cityId: '322',
     distance: '99999000' },
  session: 'eyJ0b2tlbiI6ImJjNmI0OWM2YjY0YzRhNDZhYWUyNzk0ZWQ4M2Q3YTk1IiwidHlwZSI6InRydWUifQ==',
  key: 'bc6b49c6b64c4a46' }
[2015-08-24 17:24:21.499] [INFO] [default] - { request: '{"encryptType":"1","data":"tWugDrPRYZf431Mvcs3kr31jnYo/rAJpg60xfWnQuUWcu5VkJaGqlhtAbys2xFn1KgwK5pM+NJb9ZYeNnYP6JCXdeM+Xm1/MTLPbRuZTrtEp3LwJILfVWoSXYAUpTZ4J","session":"eyJ0b2tlbiI6ImJjNmI0OWM2YjY0YzRhNDZhYWUyNzk0ZWQ4M2Q3YTk1IiwidHlwZSI6InRydWUifQ=="}' }
[2015-08-24 17:24:21.501] [INFO] [default] - { weileversion: '290',
  clientos: '104',
  lng: '89.9999',
  lat: '0.0001' }
[2015-08-24 17:24:21.623] [INFO] [default] - { act: 'getCardList',
  resultCode: 0,
  encryptCode: 1,
  msg: '操作成功',
  data: { merchantList: [] } }
[2015-08-24 17:24:21.624] [INFO] [default] - { merchantList: [] }
[2015-08-24 17:25:05.188] [WARN] [default] - 用户IP: 
[2015-08-24 17:25:05.725] [INFO] [default] - { url: 'getCardList',
  encryptType: '1',
  data: 
   { currentIndex: '1',
     pageCount: '20',
     cardType: '1,2,5',
     cityId: '322',
     distance: '99999000' },
  session: 'eyJ0b2tlbiI6ImJjNmI0OWM2YjY0YzRhNDZhYWUyNzk0ZWQ4M2Q3YTk1IiwidHlwZSI6InRydWUifQ==',
  key: 'bc6b49c6b64c4a46' }
[2015-08-24 17:25:05.728] [INFO] [default] - { request: '{"encryptType":"1","data":"tWugDrPRYZf431Mvcs3kr31jnYo/rAJpg60xfWnQuUWcu5VkJaGqlhtAbys2xFn1KgwK5pM+NJb9ZYeNnYP6JCXdeM+Xm1/MTLPbRuZTrtEp3LwJILfVWoSXYAUpTZ4J","session":"eyJ0b2tlbiI6ImJjNmI0OWM2YjY0YzRhNDZhYWUyNzk0ZWQ4M2Q3YTk1IiwidHlwZSI6InRydWUifQ=="}' }
[2015-08-24 17:25:05.735] [INFO] [default] - { weileversion: '290',
  clientos: '104',
  lng: '89.9999',
  lat: '0.0001' }
[2015-08-24 17:25:05.828] [INFO] [default] - { act: 'getCardList',
  resultCode: 0,
  encryptCode: 1,
  msg: '操作成功',
  data: { merchantList: [] } }
[2015-08-24 17:25:05.829] [INFO] [default] - { merchantList: [] }
[2015-08-24 17:25:19.451] [WARN] [default] - 用户IP: 
[2015-08-24 17:25:19.484] [WARN] [default] - 用户IP: 
[2015-08-24 17:25:20.025] [INFO] [default] - { url: 'getCardList',
  encryptType: '1',
  data: 
   { currentIndex: '1',
     pageCount: '20',
     cardType: '1,2,5',
     cityId: '53',
     distance: '99999000' },
  session: 'eyJ0b2tlbiI6ImJjNmI0OWM2YjY0YzRhNDZhYWUyNzk0ZWQ4M2Q3YTk1IiwidHlwZSI6InRydWUifQ==',
  key: 'bc6b49c6b64c4a46' }
[2015-08-24 17:25:20.026] [INFO] [default] - { request: '{"encryptType":"1","data":"tWugDrPRYZf431Mvcs3kr31jnYo/rAJpg60xfWnQuUWcu5VkJaGqlhtAbys2xFn1KgwK5pM+NJb9ZYeNnYP6JFeN3vBHJWx4PBOHguTvHqaqTwDtRynzorf8pFwPEJC6","session":"eyJ0b2tlbiI6ImJjNmI0OWM2YjY0YzRhNDZhYWUyNzk0ZWQ4M2Q3YTk1IiwidHlwZSI6InRydWUifQ=="}' }
[2015-08-24 17:25:20.029] [INFO] [default] - { weileversion: '290',
  clientos: '104',
  lng: '89.9999',
  lat: '0.0001' }
[2015-08-24 17:25:20.313] [INFO] [default] - { act: 'getCardList',
  resultCode: 0,
  encryptCode: 1,
  msg: '操作成功',
  data: 
   { merchantList: 
      [ [Object],
        [Object],
        [Object],
        [Object],
        [Object],
        [Object],
        [Object],
        [Object],
        [Object],
        [Object],
        [Object],
        [Object],
        [Object],
        [Object],
        [Object],
        [Object],
        [Object],
        [Object],
        [Object],
        [Object] ] } }
[2015-08-24 17:25:20.314] [INFO] [default] - { merchantList: 
   [ { id: '11063981',
       cardList: [Object],
       distance: '0.0',
       name: '林坤_85度C',
       star: '3.0',
       hotDegree: '950' },
     { id: '11063979',
       cardList: [Object],
       distance: '0.0',
       name: '小叮当宠物店',
       star: '5.0',
       hotDegree: '360' },
     { id: '11063977',
       cardList: [Object],
       distance: '0.0',
       name: '晓彤的冷饮餐厅',
       star: '3.0',
       hotDegree: '90' },
     { id: '11063976',
       cardList: [Object],
       distance: '0.0',
       name: '陈珊干洗店',
       star: '3.0',
       hotDegree: '50' },
     { id: '11063974',
       cardList: [Object],
       distance: '0.0',
       name: '好时面包店',
       star: '3.0',
       hotDegree: '50' },
     { id: '11063973',
       cardList: [Object],
       distance: '0.0',
       name: '李冬芳化妆品店',
       star: '3.0',
       hotDegree: '270' },
     { id: '11063972',
       cardList: [Object],
       distance: '0.0',
       name: '盛明私房菜',
       star: '5.0',
       hotDegree: '370' },
     { id: '11063970',
       cardList: [Object],
       distance: '0.0',
       name: '余勇服装店',
       star: '3.0',
       hotDegree: '0' },
     { id: '11063968',
       cardList: [Object],
       distance: '0.0',
       name: '海欣汽车工坊',
       star: '3.0',
       hotDegree: '60' },
     { id: '11063967',
       cardList: [Object],
       distance: '0.0',
       name: '蒋品鲜果园',
       star: '3.0',
       hotDegree: '90' },
     { id: '11063965',
       cardList: [Object],
       distance: '0.0',
       name: '微乐KTV',
       star: '3.0',
       hotDegree: '210' },
     { id: '11063964',
       cardList: [Object],
       distance: '0.0',
       name: '新林文具店',
       star: '3.0',
       hotDegree: '110' },
     { id: '11063960',
       cardList: [Object],
       distance: '0.0',
       name: '佳佳蛋糕店',
       star: '3.0',
       hotDegree: '70' },
     { id: '11063955',
       cardList: [Object],
       distance: '0.0',
       name: '碧花化妆品店',
       star: '3.0',
       hotDegree: '230' },
     { id: '11063953',
       cardList: [Object],
       distance: '0.0',
       name: '张秀珍干洗店',
       star: '3.0',
       hotDegree: '20' },
     { id: '11063952',
       cardList: [Object],
       distance: '0.0',
       name: '小草干洗店',
       star: '3.0',
       hotDegree: '130' },
     { id: '11063951',
       cardList: [Object],
       distance: '0.0',
       name: '恐怖蛋糕屋',
       star: '3.0',
       hotDegree: '120' },
     { id: '11063950',
       cardList: [Object],
       distance: '0.0',
       name: '龙光卤味',
       star: '3.0',
       hotDegree: '280' },
     { id: '11063949',
       cardList: [Object],
       distance: '0.0',
       name: '董云私房菜',
       star: '3.0',
       hotDegree: '70' },
     { id: '11063947',
       cardList: [Object],
       distance: '0.0',
       name: '微乐福州事业部按摩店r（肖）11sef',
       star: '3.0',
       hotDegree: '490' } ] }
[2015-08-24 17:25:30.190] [WARN] [default] - 用户IP: 
[2015-08-24 17:25:30.695] [INFO] [default] - { url: 'getCardList',
  encryptType: '1',
  data: 
   { currentIndex: '1',
     pageCount: '20',
     cardType: '1,2,5',
     cityId: '53',
     distance: '99999000' },
  session: 'eyJ0b2tlbiI6ImJjNmI0OWM2YjY0YzRhNDZhYWUyNzk0ZWQ4M2Q3YTk1IiwidHlwZSI6InRydWUifQ==',
  key: 'bc6b49c6b64c4a46' }
[2015-08-24 17:25:30.695] [INFO] [default] - { request: '{"encryptType":"1","data":"tWugDrPRYZf431Mvcs3kr31jnYo/rAJpg60xfWnQuUWcu5VkJaGqlhtAbys2xFn1KgwK5pM+NJb9ZYeNnYP6JFeN3vBHJWx4PBOHguTvHqaqTwDtRynzorf8pFwPEJC6","session":"eyJ0b2tlbiI6ImJjNmI0OWM2YjY0YzRhNDZhYWUyNzk0ZWQ4M2Q3YTk1IiwidHlwZSI6InRydWUifQ=="}' }
[2015-08-24 17:25:30.696] [INFO] [default] - { weileversion: '290',
  clientos: '104',
  lng: '89.9999',
  lat: '0.0001' }
[2015-08-24 17:25:30.754] [INFO] [default] - { act: 'getCardList',
  resultCode: 0,
  encryptCode: 1,
  msg: '操作成功',
  data: 
   { merchantList: 
      [ [Object],
        [Object],
        [Object],
        [Object],
        [Object],
        [Object],
        [Object],
        [Object],
        [Object],
        [Object],
        [Object],
        [Object],
        [Object],
        [Object],
        [Object],
        [Object],
        [Object],
        [Object],
        [Object],
        [Object] ] } }
[2015-08-24 17:25:30.755] [INFO] [default] - { merchantList: 
   [ { id: '11063981',
       cardList: [Object],
       distance: '0.0',
       name: '林坤_85度C',
       star: '3.0',
       hotDegree: '950' },
     { id: '11063979',
       cardList: [Object],
       distance: '0.0',
       name: '小叮当宠物店',
       star: '5.0',
       hotDegree: '360' },
     { id: '11063977',
       cardList: [Object],
       distance: '0.0',
       name: '晓彤的冷饮餐厅',
       star: '3.0',
       hotDegree: '90' },
     { id: '11063976',
       cardList: [Object],
       distance: '0.0',
       name: '陈珊干洗店',
       star: '3.0',
       hotDegree: '50' },
     { id: '11063974',
       cardList: [Object],
       distance: '0.0',
       name: '好时面包店',
       star: '3.0',
       hotDegree: '50' },
     { id: '11063973',
       cardList: [Object],
       distance: '0.0',
       name: '李冬芳化妆品店',
       star: '3.0',
       hotDegree: '270' },
     { id: '11063972',
       cardList: [Object],
       distance: '0.0',
       name: '盛明私房菜',
       star: '5.0',
       hotDegree: '370' },
     { id: '11063970',
       cardList: [Object],
       distance: '0.0',
       name: '余勇服装店',
       star: '3.0',
       hotDegree: '0' },
     { id: '11063968',
       cardList: [Object],
       distance: '0.0',
       name: '海欣汽车工坊',
       star: '3.0',
       hotDegree: '60' },
     { id: '11063967',
       cardList: [Object],
       distance: '0.0',
       name: '蒋品鲜果园',
       star: '3.0',
       hotDegree: '90' },
     { id: '11063965',
       cardList: [Object],
       distance: '0.0',
       name: '微乐KTV',
       star: '3.0',
       hotDegree: '210' },
     { id: '11063964',
       cardList: [Object],
       distance: '0.0',
       name: '新林文具店',
       star: '3.0',
       hotDegree: '110' },
     { id: '11063960',
       cardList: [Object],
       distance: '0.0',
       name: '佳佳蛋糕店',
       star: '3.0',
       hotDegree: '70' },
     { id: '11063955',
       cardList: [Object],
       distance: '0.0',
       name: '碧花化妆品店',
       star: '3.0',
       hotDegree: '230' },
     { id: '11063953',
       cardList: [Object],
       distance: '0.0',
       name: '张秀珍干洗店',
       star: '3.0',
       hotDegree: '20' },
     { id: '11063952',
       cardList: [Object],
       distance: '0.0',
       name: '小草干洗店',
       star: '3.0',
       hotDegree: '130' },
     { id: '11063951',
       cardList: [Object],
       distance: '0.0',
       name: '恐怖蛋糕屋',
       star: '3.0',
       hotDegree: '120' },
     { id: '11063950',
       cardList: [Object],
       distance: '0.0',
       name: '龙光卤味',
       star: '3.0',
       hotDegree: '280' },
     { id: '11063949',
       cardList: [Object],
       distance: '0.0',
       name: '董云私房菜',
       star: '3.0',
       hotDegree: '70' },
     { id: '11063947',
       cardList: [Object],
       distance: '0.0',
       name: '微乐福州事业部按摩店r（肖）11sef',
       star: '3.0',
       hotDegree: '490' } ] }
[2015-08-24 17:41:04.408] [WARN] [default] - 用户IP: 
[2015-08-24 17:41:06.184] [WARN] [default] - 用户IP: 
[2015-08-24 17:41:06.655] [INFO] [default] - { url: 'getCardList',
  encryptType: '1',
  data: 
   { currentIndex: '1',
     pageCount: '20',
     cardType: '1,2,5',
     cityId: '53',
     distance: '99999000' },
  session: 'eyJ0b2tlbiI6ImJjNmI0OWM2YjY0YzRhNDZhYWUyNzk0ZWQ4M2Q3YTk1IiwidHlwZSI6InRydWUifQ==',
  key: 'bc6b49c6b64c4a46' }
[2015-08-24 17:41:06.658] [INFO] [default] - { request: '{"encryptType":"1","data":"tWugDrPRYZf431Mvcs3kr31jnYo/rAJpg60xfWnQuUWcu5VkJaGqlhtAbys2xFn1KgwK5pM+NJb9ZYeNnYP6JFeN3vBHJWx4PBOHguTvHqaqTwDtRynzorf8pFwPEJC6","session":"eyJ0b2tlbiI6ImJjNmI0OWM2YjY0YzRhNDZhYWUyNzk0ZWQ4M2Q3YTk1IiwidHlwZSI6InRydWUifQ=="}' }
[2015-08-24 17:41:06.663] [INFO] [default] - { weileversion: '290',
  clientos: '104',
  lng: '89.9999',
  lat: '0.0001' }
[2015-08-24 17:41:06.797] [INFO] [default] - { act: 'getCardList',
  resultCode: 0,
  encryptCode: 1,
  msg: '操作成功',
  data: 
   { merchantList: 
      [ [Object],
        [Object],
        [Object],
        [Object],
        [Object],
        [Object],
        [Object],
        [Object],
        [Object],
        [Object],
        [Object],
        [Object],
        [Object],
        [Object],
        [Object],
        [Object],
        [Object],
        [Object],
        [Object],
        [Object] ] } }
[2015-08-24 17:41:06.799] [INFO] [default] - { merchantList: 
   [ { id: '11063981',
       cardList: [Object],
       distance: '0.0',
       name: '林坤_85度C',
       star: '3.0',
       hotDegree: '950' },
     { id: '11063979',
       cardList: [Object],
       distance: '0.0',
       name: '小叮当宠物店',
       star: '5.0',
       hotDegree: '360' },
     { id: '11063977',
       cardList: [Object],
       distance: '0.0',
       name: '晓彤的冷饮餐厅',
       star: '3.0',
       hotDegree: '90' },
     { id: '11063976',
       cardList: [Object],
       distance: '0.0',
       name: '陈珊干洗店',
       star: '3.0',
       hotDegree: '50' },
     { id: '11063974',
       cardList: [Object],
       distance: '0.0',
       name: '好时面包店',
       star: '3.0',
       hotDegree: '50' },
     { id: '11063973',
       cardList: [Object],
       distance: '0.0',
       name: '李冬芳化妆品店',
       star: '3.0',
       hotDegree: '270' },
     { id: '11063972',
       cardList: [Object],
       distance: '0.0',
       name: '盛明私房菜',
       star: '5.0',
       hotDegree: '370' },
     { id: '11063970',
       cardList: [Object],
       distance: '0.0',
       name: '余勇服装店',
       star: '3.0',
       hotDegree: '0' },
     { id: '11063968',
       cardList: [Object],
       distance: '0.0',
       name: '海欣汽车工坊',
       star: '3.0',
       hotDegree: '60' },
     { id: '11063967',
       cardList: [Object],
       distance: '0.0',
       name: '蒋品鲜果园',
       star: '3.0',
       hotDegree: '90' },
     { id: '11063965',
       cardList: [Object],
       distance: '0.0',
       name: '微乐KTV',
       star: '3.0',
       hotDegree: '210' },
     { id: '11063964',
       cardList: [Object],
       distance: '0.0',
       name: '新林文具店',
       star: '3.0',
       hotDegree: '110' },
     { id: '11063960',
       cardList: [Object],
       distance: '0.0',
       name: '佳佳蛋糕店',
       star: '3.0',
       hotDegree: '70' },
     { id: '11063955',
       cardList: [Object],
       distance: '0.0',
       name: '碧花化妆品店',
       star: '3.0',
       hotDegree: '230' },
     { id: '11063953',
       cardList: [Object],
       distance: '0.0',
       name: '张秀珍干洗店',
       star: '3.0',
       hotDegree: '20' },
     { id: '11063952',
       cardList: [Object],
       distance: '0.0',
       name: '小草干洗店',
       star: '3.0',
       hotDegree: '130' },
     { id: '11063951',
       cardList: [Object],
       distance: '0.0',
       name: '恐怖蛋糕屋',
       star: '3.0',
       hotDegree: '120' },
     { id: '11063950',
       cardList: [Object],
       distance: '0.0',
       name: '龙光卤味',
       star: '3.0',
       hotDegree: '280' },
     { id: '11063949',
       cardList: [Object],
       distance: '0.0',
       name: '董云私房菜',
       star: '3.0',
       hotDegree: '70' },
     { id: '11063947',
       cardList: [Object],
       distance: '0.0',
       name: '微乐福州事业部按摩店r（肖）11sef',
       star: '3.0',
       hotDegree: '490' } ] }
[2015-08-24 17:54:25.727] [INFO] [default] - { url: 'inquireRegisterMember',
  encryptType: '0',
  data: { uuid: '13055529675' },
  session: 'eyJ0b2tlbiI6ImJjNmI0OWM2YjY0YzRhNDZhYWUyNzk0ZWQ4M2Q3YTk1IiwidHlwZSI6InRydWUifQ==',
  key: 'bc6b49c6b64c4a46' }
[2015-08-24 17:54:25.727] [INFO] [default] - { request: '{"encryptType":"0","data":{"uuid":"13055529675"}}' }
[2015-08-24 17:54:25.730] [INFO] [default] - { weileversion: '290',
  clientos: '104',
  lng: '89.9999',
  lat: '0.0001' }
[2015-08-24 17:54:25.801] [INFO] [default] - { act: 'inquireRegisterMember',
  resultCode: 0,
  encryptCode: 0,
  msg: '操作成功',
  data: { data: '1' } }
[2015-08-24 17:54:25.801] [INFO] [default] - { data: '1' }
