[2015-09-19 16:27:17.392] [WARN] [default] - 用户IP: 
[2015-09-19 16:27:17.614] [WARN] [default] - 用户IP: 
[2015-09-19 16:27:18.130] [INFO] [default] - { url: 'getCardList',
  encryptType: '1',
  data: 
   { currentIndex: '1',
     pageCount: '20',
     cardType: '1,2,5',
     cityId: '53',
     distance: '99999000' },
  session: 'eyJ0b2tlbiI6ImJjNmI0OWM2YjY0YzRhNDZhYWUyNzk0ZWQ4M2Q3YTk1IiwidHlwZSI6InRydWUifQ==',
  key: 'bc6b49c6b64c4a46' }
[2015-09-19 16:27:18.132] [INFO] [default] - { request: '{"encryptType":"1","data":"tWugDrPRYZf431Mvcs3kr31jnYo/rAJpg60xfWnQuUWcu5VkJaGqlhtAbys2xFn1KgwK5pM+NJb9ZYeNnYP6JFeN3vBHJWx4PBOHguTvHqaqTwDtRynzorf8pFwPEJC6","session":"eyJ0b2tlbiI6ImJjNmI0OWM2YjY0YzRhNDZhYWUyNzk0ZWQ4M2Q3YTk1IiwidHlwZSI6InRydWUifQ=="}' }
[2015-09-19 16:27:18.136] [INFO] [default] - { weileversion: '290',
  clientos: '104',
  lng: '89.9999',
  lat: '0.0001' }
[2015-09-19 16:27:18.953] [INFO] [default] - { act: 'getCardList',
  resultCode: 0,
  encryptCode: 1,
  msg: '操作成功',
  data: 
   { merchantList: 
      [ [Object],
        [Object],
        [Object],
        [Object],
        [Object],
        [Object],
        [Object],
        [Object],
        [Object],
        [Object],
        [Object],
        [Object],
        [Object],
        [Object],
        [Object],
        [Object],
        [Object],
        [Object],
        [Object],
        [Object] ] } }
[2015-09-19 16:27:18.955] [INFO] [default] - { merchantList: 
   [ { id: '11003480',
       cardList: [Object],
       distance: '0.0',
       name: '车时尚汽车护理专家',
       star: '3.0',
       hotDegree: '8250' },
     { id: '11003485',
       cardList: [Object],
       distance: '0.0',
       name: '易车仕汽车用品店',
       star: '3.0',
       hotDegree: '7020' },
     { id: '11004013',
       cardList: [Object],
       distance: '0.0',
       name: '福缘汽车美容服务中心',
       star: '3.0',
       hotDegree: '2410' },
     { id: '11004732',
       cardList: [Object],
       distance: '0.0',
       name: '福州市仓山区懂车会汽车维修服务部',
       star: '3.0',
       hotDegree: '2000' },
     { id: '11005005',
       cardList: [Object],
       distance: '0.0',
       name: '香港瑶芳专业祛痘祛斑（仓山万达店）',
       star: '3.0',
       hotDegree: '10670' },
     { id: '11005149',
       cardList: [Object],
       distance: '0.0',
       name: '伊琳娜美容',
       star: '3.0',
       hotDegree: '700' },
     { id: '11005201',
       cardList: [Object],
       distance: '0.0',
       name: '艾美美造型连锁',
       star: '3.0',
       hotDegree: '850' },
     { id: '11005372',
       cardList: [Object],
       distance: '0.0',
       name: '名秀造型',
       star: '3.0',
       hotDegree: '1980' },
     { id: '11005439',
       cardList: [Object],
       distance: '0.0',
       name: '红美染衣',
       star: '3.0',
       hotDegree: '10040' },
     { id: '11005529',
       cardList: [Object],
       distance: '0.0',
       name: '留德发（福州市仓山区魔发公馆美发店）',
       star: '3.0',
       hotDegree: '1480' },
     { id: '11005859',
       cardList: [Object],
       distance: '0.0',
       name: '创美造型',
       star: '5.0',
       hotDegree: '11610' },
     { id: '11006217',
       cardList: [Object],
       distance: '0.0',
       name: '缪斯美业3店',
       star: '3.0',
       hotDegree: '520' },
     { id: '11006487',
       cardList: [Object],
       distance: '0.0',
       name: '宝车汇汽车养护中心',
       star: '3.0',
       hotDegree: '3750' },
     { id: '11006532',
       cardList: [Object],
       distance: '0.0',
       name: '新感觉造型',
       star: '3.0',
       hotDegree: '7780' },
     { id: '11006717',
       cardList: [Object],
       distance: '0.0',
       name: '福州市仓山区车翼界汽车用品店',
       star: '3.0',
       hotDegree: '2170' },
     { id: '11075657',
       cardList: [Object],
       distance: '0.0',
       name: '特百惠(王庄店）',
       star: '3.0',
       hotDegree: '0' },
     { id: '11006993',
       cardList: [Object],
       distance: '0.0',
       name: '异域美甲（福州市仓山区芊指绣美甲店）',
       star: '3.0',
       hotDegree: '670' },
     { id: '11074910',
       cardList: [Object],
       distance: '0.0',
       name: '手绘蓝天（海润尊品店）',
       star: '3.0',
       hotDegree: '40' },
     { id: '11009458',
       cardList: [Object],
       distance: '0.0',
       name: '福州车行天下汽车服务有限公司',
       star: '3.0',
       hotDegree: '3440' },
     { id: '11009464',
       cardList: [Object],
       distance: '0.0',
       name: '前卫造型',
       star: '3.0',
       hotDegree: '2380' } ] }
[2015-09-19 16:27:36.494] [INFO] [default] - { url: 'inquireRegisterMember',
  encryptType: '0',
  data: { uuid: '13652414745' },
  session: 'eyJ0b2tlbiI6ImJjNmI0OWM2YjY0YzRhNDZhYWUyNzk0ZWQ4M2Q3YTk1IiwidHlwZSI6InRydWUifQ==',
  key: 'bc6b49c6b64c4a46' }
[2015-09-19 16:27:36.495] [INFO] [default] - { request: '{"encryptType":"0","data":{"uuid":"13652414745"}}' }
[2015-09-19 16:27:36.497] [INFO] [default] - { weileversion: '290',
  clientos: '104',
  lng: '89.9999',
  lat: '0.0001' }
[2015-09-19 16:27:36.572] [INFO] [default] - { act: 'inquireRegisterMember',
  resultCode: 0,
  encryptCode: 0,
  msg: '操作成功',
  data: { data: '0' } }
[2015-09-19 16:27:36.572] [INFO] [default] - { data: '0' }
