[2015-09-16 18:28:30.790] [WARN] [default] - 用户IP: 
[2015-09-16 18:28:31.197] [WARN] [default] - 用户IP: 
[2015-09-16 18:28:36.699] [INFO] [default] - { url: 'inquireRegisterMember',
  encryptType: '0',
  data: { uuid: '13625041174' },
  session: 'eyJ0b2tlbiI6ImJjNmI0OWM2YjY0YzRhNDZhYWUyNzk0ZWQ4M2Q3YTk1IiwidHlwZSI6InRydWUifQ==',
  key: 'bc6b49c6b64c4a46' }
[2015-09-16 18:28:36.703] [INFO] [default] - { request: '{"encryptType":"0","data":{"uuid":"13625041174"}}' }
[2015-09-16 18:28:36.712] [INFO] [default] - { weileversion: '290',
  clientos: '104',
  lng: '89.9999',
  lat: '0.0001' }
[2015-09-16 18:28:36.769] [INFO] [default] - { act: 'inquireRegisterMember',
  resultCode: 0,
  encryptCode: 0,
  msg: '操作成功',
  data: { data: '1' } }
[2015-09-16 18:28:36.770] [INFO] [default] - { data: '1' }
[2015-09-16 18:28:50.633] [INFO] [default] - { url: 'login2',
  encryptType: 2,
  data: 
   { uuid: '13625041174',
     password: '7a12a7526044c878631984e4ce367b23' } }
[2015-09-16 18:28:50.634] [INFO] [default] - { sign: '890f8f4cc2037c992cbbb08ead1db32e',
  request: '{"encryptType":2,"data":{"uuid":"13625041174","password":"7a12a7526044c878631984e4ce367b23"}}' }
[2015-09-16 18:28:50.635] [INFO] [default] - { weileversion: '290',
  clientos: '104',
  lng: '89.9999',
  lat: '0.0001' }
[2015-09-16 18:28:50.657] [INFO] [default] - { act: 'login2',
  resultCode: 0,
  encryptCode: 0,
  msg: '操作成功',
  data: 
   { session: 'eyJzZXNzaW9uS2V5IjoiMTM2MjUwNDExNzQiLCJ0b2tlbiI6ImZzODcwNDNmXzUwMDA3MDQ2In0=',
     key: 'cce856e214c14c52' } }
[2015-09-16 18:28:50.657] [INFO] [default] - { session: 'eyJzZXNzaW9uS2V5IjoiMTM2MjUwNDExNzQiLCJ0b2tlbiI6ImZzODcwNDNmXzUwMDA3MDQ2In0=',
  key: 'cce856e214c14c52' }
[2015-09-16 18:28:50.657] [INFO] [default] - 登录微乐（eyJzZXNzaW9uS2V5IjoiMTM2MjUwNDExNzQiLCJ0b2tlbiI6ImZzODcwNDNmXzUwMDA3MDQ2In0= | cce856e214c14c52）
[2015-09-16 18:28:50.680] [INFO] [default] - { url: 'getMemberCoupon',
  encryptType: undefined,
  data: { memberCouponId: '218523' },
  session: 'eyJzZXNzaW9uS2V5IjoiMTM2MjUwNDExNzQiLCJ0b2tlbiI6ImZzODcwNDNmXzUwMDA3MDQ2In0=',
  key: 'cce856e214c14c52' }
[2015-09-16 18:28:50.681] [INFO] [default] - { request: '{"encryptType":1,"data":"Dqvyh7oJN3MwWFmAgO358acuXJ/NAo1gGi4/QiP+Raw=","session":"eyJzZXNzaW9uS2V5IjoiMTM2MjUwNDExNzQiLCJ0b2tlbiI6ImZzODcwNDNmXzUwMDA3MDQ2In0="}' }
[2015-09-16 18:28:50.682] [INFO] [default] - { weileversion: '290',
  clientos: '104',
  lng: '89.9999',
  lat: '0.0001',
  cityid: '53' }
[2015-09-16 18:28:50.728] [INFO] [default] - { act: 'getMemberCoupon',
  resultCode: 0,
  encryptCode: 1,
  msg: '操作成功',
  data: 
   { coupons: 
      { cardTempId: '3',
        cardValue: '20000',
        couponId: '10305',
        description: '发放时间：2015-06-15至2015-12-30\n领用距离限制：同城\n',
        displayName: '凭券到店消费满 80元, 立减20元',
        distanceLimit: '0',
        effectiveDate: '2015-12-31 23:59:59',
        effectiveTime: '',
        effectiveType: '1',
        imageInfo: '["http://img.v89.com/group1/M06/07/30/rBAA11V-ZfSACDpZAAJAO0Vauv8393_640*640.jpg","","http://img.v89.com/group1/M07/07/30/rBAA11V-ZfSAWfY6AAIHaowh6jY807_640*640.jpg","","http://img.v89.com/group1/M08/07/30/rBAA11V-ZfSAatDLAAKYJnA0iDg637_640*640.jpg","","http://img.v89.com/group1/M03/07/30/rBAA11V-ZfSAOVXXAAKwk13fxdk244_640*640.jpg",""]',
        isEnableDistanceLimit: '1',
        logoUrl: 'http://img.v89.com/group1/M02/07/30/rBAA11V-Zd2AVA8vAAA6g7Vr0eI988_150*150.jpg',
        merchantId: '11003485',
        merchantType: '1',
        name: '凭券到店消费满 80元, 立减20元',
        preferentialFlage: '减',
        preferentialName: '满减券',
        preferentialType: '1',
        provideDateBegin: '2015-06-15 00:00:00',
        provideDateEnd: '2015-12-30 23:59:59',
        receiveCount: '19',
        receiveLimitCount: '',
        receiveLimitType: '1',
        receivePrice: '',
        rule: '详细说明：</br>1、凭本券到店支付60元，即可享受原价80元的汽车打蜡，立省20元哦；\n2、本券不可与店铺其他优惠叠加使用；只适用于5座以下。\n3、本券只能一次性使用，不找零、不兑现；\n4、本店拥有本券最终解释权。',
        stockCount: '481',
        stores: '[11003485]',
        type: '1',
        useCount: '0' },
     memberCoupons: 
      { couponId: '10305',
        createTime: '2015-06-18 13:37:17',
        expireTime: '2015-12-31 23:59:59',
        memberCouponId: '218523',
        merchantType: '1',
        no: '180127510400',
        reviewState: '1',
        state: '1',
        useMerchantId: '',
        useMerchantName: '',
        useTime: '' },
     stores: [ [Object] ] } }
[2015-09-16 18:28:50.730] [INFO] [default] - { coupons: 
   { cardTempId: '3',
     cardValue: '20000',
     couponId: '10305',
     description: '发放时间：2015-06-15至2015-12-30\n领用距离限制：同城\n',
     displayName: '凭券到店消费满 80元, 立减20元',
     distanceLimit: '0',
     effectiveDate: '2015-12-31 23:59:59',
     effectiveTime: '',
     effectiveType: '1',
     imageInfo: '["http://img.v89.com/group1/M06/07/30/rBAA11V-ZfSACDpZAAJAO0Vauv8393_640*640.jpg","","http://img.v89.com/group1/M07/07/30/rBAA11V-ZfSAWfY6AAIHaowh6jY807_640*640.jpg","","http://img.v89.com/group1/M08/07/30/rBAA11V-ZfSAatDLAAKYJnA0iDg637_640*640.jpg","","http://img.v89.com/group1/M03/07/30/rBAA11V-ZfSAOVXXAAKwk13fxdk244_640*640.jpg",""]',
     isEnableDistanceLimit: '1',
     logoUrl: 'http://img.v89.com/group1/M02/07/30/rBAA11V-Zd2AVA8vAAA6g7Vr0eI988_150*150.jpg',
     merchantId: '11003485',
     merchantType: '1',
     name: '凭券到店消费满 80元, 立减20元',
     preferentialFlage: '减',
     preferentialName: '满减券',
     preferentialType: '1',
     provideDateBegin: '2015-06-15 00:00:00',
     provideDateEnd: '2015-12-30 23:59:59',
     receiveCount: '19',
     receiveLimitCount: '',
     receiveLimitType: '1',
     receivePrice: '',
     rule: '详细说明：</br>1、凭本券到店支付60元，即可享受原价80元的汽车打蜡，立省20元哦；\n2、本券不可与店铺其他优惠叠加使用；只适用于5座以下。\n3、本券只能一次性使用，不找零、不兑现；\n4、本店拥有本券最终解释权。',
     stockCount: '481',
     stores: '[11003485]',
     type: '1',
     useCount: '0' },
  memberCoupons: 
   { couponId: '10305',
     createTime: '2015-06-18 13:37:17',
     expireTime: '2015-12-31 23:59:59',
     memberCouponId: '218523',
     merchantType: '1',
     no: '180127510400',
     reviewState: '1',
     state: '1',
     useMerchantId: '',
     useMerchantName: '',
     useTime: '' },
  stores: 
   [ { address: '福州市仓山区建新镇闽江大道滨江丽景峰景园E区3号楼01-03店面',
       distance: '4274022',
       latitude: '26.07149490039863',
       longitude: '119.24477666616440',
       name: '易车仕汽车用品店',
       phone: '059183299799',
       regionId: '520',
       storeId: '11003485' } ] }
[2015-09-16 18:28:53.337] [INFO] [default] - { url: 'getMemberCardList',
  encryptType: 1,
  data: { currentIndex: 1, pageCount: 100 },
  session: 'eyJzZXNzaW9uS2V5IjoiMTM2MjUwNDExNzQiLCJ0b2tlbiI6ImZzODcwNDNmXzUwMDA3MDQ2In0=',
  key: 'cce856e214c14c52' }
[2015-09-16 18:28:53.339] [INFO] [default] - { request: '{"encryptType":1,"data":"xVS1FfhYdRI3Gn7CXZD4FC5yJei4Qda3KIAUdWeVK924BJHye7qsS+O7rtDA1c20","session":"eyJzZXNzaW9uS2V5IjoiMTM2MjUwNDExNzQiLCJ0b2tlbiI6ImZzODcwNDNmXzUwMDA3MDQ2In0="}' }
[2015-09-16 18:28:53.340] [INFO] [default] - { weileversion: '290',
  clientos: '104',
  lng: '89.9999',
  lat: '0.0001' }
[2015-09-16 18:28:53.957] [INFO] [default] - { act: 'getMemberCardList',
  resultCode: 0,
  encryptCode: 1,
  msg: '操作成功',
  data: 
   { cards: 
      [ [Object],
        [Object],
        [Object],
        [Object],
        [Object],
        [Object],
        [Object],
        [Object],
        [Object],
        [Object],
        [Object],
        [Object],
        [Object],
        [Object],
        [Object],
        [Object],
        [Object],
        [Object],
        [Object],
        [Object],
        [Object],
        [Object] ] } }
[2015-09-16 18:28:53.959] [INFO] [default] - { cards: 
   [ { cashcoupons: '[]',
       coupons: [Object],
       distance: '4271622',
       mcards: '[]',
       merchantId: '11005372',
       merchantName: '名秀造型',
       merchantType: '1',
       ncards: '[]',
       vcards: '[]' },
     { cashcoupons: '[]',
       coupons: [Object],
       distance: '4271644',
       mcards: '[]',
       merchantId: '11067448',
       merchantName: '安特鲁',
       merchantType: '1',
       ncards: '[]',
       vcards: '[]' },
     { cashcoupons: '[]',
       coupons: [Object],
       distance: '4271768',
       mcards: '[]',
       merchantId: '11067451',
       merchantName: '万川寿司',
       merchantType: '1',
       ncards: '[]',
       vcards: '[]' },
     { cashcoupons: '[]',
       coupons: [Object],
       distance: '4271856',
       mcards: '[]',
       merchantId: '11074903',
       merchantName: '榕盛商务宾馆（金桔店）',
       merchantType: '1',
       ncards: '[]',
       vcards: '[]' },
     { cashcoupons: '[]',
       coupons: [Object],
       distance: '4272160',
       mcards: '[]',
       merchantId: '11066382',
       merchantName: '泰檬时尚甜饮',
       merchantType: '1',
       ncards: '[]',
       vcards: '[]' },
     { cashcoupons: '[]',
       coupons: [Object],
       distance: '4272667',
       mcards: '[]',
       merchantId: '11003480',
       merchantName: '车时尚汽车护理专家',
       merchantType: '1',
       ncards: '[]',
       vcards: '[]' },
     { cashcoupons: '[]',
       coupons: [Object],
       distance: '4272709',
       mcards: '[]',
       merchantId: '11074295',
       merchantName: '微乐福州服务中心',
       merchantType: '1',
       ncards: '[]',
       vcards: '[]' },
     { cashcoupons: '[]',
       coupons: '[]',
       distance: '4272807',
       mcards: '[]',
       merchantId: '11074538',
       merchantName: '微乐便利店',
       merchantType: '1',
       ncards: [Object],
       vcards: '[]' },
     { cashcoupons: '[]',
       coupons: [Object],
       distance: '4273026',
       mcards: '[]',
       merchantId: '11066304',
       merchantName: '迈哆猪排',
       merchantType: '1',
       ncards: '[]',
       vcards: '[]' },
     { cashcoupons: '[]',
       coupons: [Object],
       distance: '4273269',
       mcards: '[]',
       merchantId: '11005529',
       merchantName: '留德发（福州市仓山区魔发公馆美发店）',
       merchantType: '1',
       ncards: '[]',
       vcards: '[]' },
     { cashcoupons: '[]',
       coupons: [Object],
       distance: '4273344',
       mcards: '[]',
       merchantId: '11005201',
       merchantName: '艾美美造型连锁',
       merchantType: '1',
       ncards: '[]',
       vcards: '[]' },
     { cashcoupons: '[]',
       coupons: [Object],
       distance: '4273352',
       mcards: '[]',
       merchantId: '134',
       merchantName: '迈克电脑连锁',
       merchantType: '2',
       ncards: '[]',
       vcards: '[]' },
     { cashcoupons: '[]',
       coupons: [Object],
       distance: '4273482',
       mcards: '[]',
       merchantId: '11004732',
       merchantName: '福州市仓山区懂车会汽车维修服务部',
       merchantType: '1',
       ncards: '[]',
       vcards: '[]' },
     { cashcoupons: '[]',
       coupons: [Object],
       distance: '4273668',
       mcards: '[]',
       merchantId: '11009458',
       merchantName: '福州车行天下汽车服务有限公司',
       merchantType: '1',
       ncards: '[]',
       vcards: '[]' },
     { cashcoupons: '[]',
       coupons: [Object],
       distance: '4273934',
       mcards: '[]',
       merchantId: '11065721',
       merchantName: '微乐福利社',
       merchantType: '1',
       ncards: '[]',
       vcards: '[]' },
     { cashcoupons: '[]',
       coupons: [Object],
       distance: '4273958',
       mcards: '[]',
       merchantId: '11005005',
       merchantName: '香港瑶芳专业祛痘祛斑（仓山万达店）',
       merchantType: '1',
       ncards: '[]',
       vcards: '[]' },
     { cashcoupons: '[]',
       coupons: [Object],
       distance: '4274022',
       mcards: '[]',
       merchantId: '11003485',
       merchantName: '易车仕汽车用品店',
       merchantType: '1',
       ncards: '[]',
       vcards: '[]' },
     { cashcoupons: '[]',
       coupons: [Object],
       distance: '4274061',
       mcards: '[]',
       merchantId: '11066365',
       merchantName: '陌陌家鲜花水果',
       merchantType: '1',
       ncards: '[]',
       vcards: '[]' },
     { cashcoupons: '[]',
       coupons: [Object],
       distance: '4274182',
       mcards: '[]',
       merchantId: '11069050',
       merchantName: '友名仔套餐',
       merchantType: '1',
       ncards: '[]',
       vcards: '[]' },
     { cashcoupons: '[]',
       coupons: [Object],
       distance: '4274531',
       mcards: '[]',
       merchantId: '11033497',
       merchantName: '爵士形象美学',
       merchantType: '1',
       ncards: '[]',
       vcards: '[]' },
     { cashcoupons: '[]',
       coupons: [Object],
       distance: '4274796',
       mcards: '[]',
       merchantId: '11070347',
       merchantName: '虎纠好橄榄',
       merchantType: '1',
       ncards: '[]',
       vcards: '[]' },
     { cashcoupons: '[]',
       coupons: [Object],
       distance: '4276173',
       mcards: '[]',
       merchantId: '11067572',
       merchantName: '尚干人家',
       merchantType: '1',
       ncards: '[]',
       vcards: '[]' } ] }
[2015-09-16 18:28:54.054] [ERROR] [default] - { [Error: Not Found] status: 404 }
Error: Not Found
    at D:\Works\weile-card\app.js:52:13
    at Layer.handle [as handle_request] (D:\Works\weile-card\node_modules\express\lib\router\layer.js:82:5)
    at trim_prefix (D:\Works\weile-card\node_modules\express\lib\router\index.js:302:13)
    at D:\Works\weile-card\node_modules\express\lib\router\index.js:270:7
    at Function.proto.process_params (D:\Works\weile-card\node_modules\express\lib\router\index.js:321:12)
    at next (D:\Works\weile-card\node_modules\express\lib\router\index.js:261:10)
    at SendStream.error (D:\Works\weile-card\node_modules\express\node_modules\serve-static\index.js:107:7)
    at SendStream.emit (events.js:107:17)
    at SendStream.error (D:\Works\weile-card\node_modules\express\node_modules\send\index.js:250:17)
    at SendStream.onStatError (D:\Works\weile-card\node_modules\express\node_modules\send\index.js:346:48)
[2015-09-16 18:28:56.151] [INFO] [default] - { url: 'getMemberCoupon',
  encryptType: undefined,
  data: { memberCouponId: '280068' },
  session: 'eyJzZXNzaW9uS2V5IjoiMTM2MjUwNDExNzQiLCJ0b2tlbiI6ImZzODcwNDNmXzUwMDA3MDQ2In0=',
  key: 'cce856e214c14c52' }
[2015-09-16 18:28:56.151] [INFO] [default] - { request: '{"encryptType":1,"data":"Dqvyh7oJN3MwWFmAgO358dxXjZMgsAr8Kr7phNpcc9A=","session":"eyJzZXNzaW9uS2V5IjoiMTM2MjUwNDExNzQiLCJ0b2tlbiI6ImZzODcwNDNmXzUwMDA3MDQ2In0="}' }
[2015-09-16 18:28:56.153] [INFO] [default] - { weileversion: '290',
  clientos: '104',
  lng: '89.9999',
  lat: '0.0001',
  cityid: '53' }
[2015-09-16 18:28:56.209] [INFO] [default] - { act: 'getMemberCoupon',
  resultCode: 0,
  encryptCode: 1,
  msg: '操作成功',
  data: 
   { coupons: 
      { cardTempId: '3',
        cardValue: '5000',
        couponId: '9023',
        description: '发放时间：2015-05-20至2015-12-31\n领用用户限制：每个用户限领1张\n领用距离限制：同城\n',
        displayName: '剪发立减5元优惠券',
        distanceLimit: '0',
        effectiveDate: '2016-01-01 23:59:59',
        effectiveTime: '',
        effectiveType: '1',
        imageInfo: '["http://img.v89.com/group1/M00/07/17/rBAA11Vb9pKAAqgIAAHRx7b2_QY068_640*640.jpg","","http://img.v89.com/group1/M07/07/17/rBAA11Vb9pKAHDI5AAEzfc6ve7Y759_640*640.jpg","","http://img.v89.com/group1/M08/07/17/rBAA11Vb9pKAbNCaAAGRa2nJF6w574_640*640.jpg","","http://img.v89.com/group1/M01/07/17/rBAA11Vb9pKAGRGFAAGBUAowTqs789_640*640.jpg",""]',
        isEnableDistanceLimit: '1',
        logoUrl: 'http://img.v89.com/group1/M01/07/17/rBAA11Vb9aiAPODgAAG9zxS6-mQ570_272*260.png',
        merchantId: '11033497',
        merchantType: '1',
        name: '剪发立减5元优惠券',
        provideDateBegin: '2015-05-20 00:00:00',
        provideDateEnd: '2015-12-31 23:59:59',
        receiveCount: '14',
        receiveLimitCount: '1',
        receiveLimitType: '3',
        receivePrice: '',
        rule: '详细说明：</br>1、凭本券在本店剪发立减5元\n2、本券一次体验完毕，每张券仅限一人使用\n3、单次消费仅限使用一张优惠券不可叠加使用\n4、停车位收费标准：停车位问题详询商家\n5、提供免费WiFi',
        stockCount: '286',
        stores: '[11033497]',
        type: '1',
        useCount: '2' },
     memberCoupons: 
      { couponId: '9023',
        createTime: '2015-09-14 11:40:21',
        expireTime: '2016-01-01 23:59:59',
        memberCouponId: '280068',
        merchantType: '1',
        no: '180535493788',
        reviewState: '1',
        state: '1',
        useMerchantId: '',
        useMerchantName: '',
        useTime: '' },
     stores: [ [Object] ] } }
[2015-09-16 18:28:56.212] [INFO] [default] - { coupons: 
   { cardTempId: '3',
     cardValue: '5000',
     couponId: '9023',
     description: '发放时间：2015-05-20至2015-12-31\n领用用户限制：每个用户限领1张\n领用距离限制：同城\n',
     displayName: '剪发立减5元优惠券',
     distanceLimit: '0',
     effectiveDate: '2016-01-01 23:59:59',
     effectiveTime: '',
     effectiveType: '1',
     imageInfo: '["http://img.v89.com/group1/M00/07/17/rBAA11Vb9pKAAqgIAAHRx7b2_QY068_640*640.jpg","","http://img.v89.com/group1/M07/07/17/rBAA11Vb9pKAHDI5AAEzfc6ve7Y759_640*640.jpg","","http://img.v89.com/group1/M08/07/17/rBAA11Vb9pKAbNCaAAGRa2nJF6w574_640*640.jpg","","http://img.v89.com/group1/M01/07/17/rBAA11Vb9pKAGRGFAAGBUAowTqs789_640*640.jpg",""]',
     isEnableDistanceLimit: '1',
     logoUrl: 'http://img.v89.com/group1/M01/07/17/rBAA11Vb9aiAPODgAAG9zxS6-mQ570_272*260.png',
     merchantId: '11033497',
     merchantType: '1',
     name: '剪发立减5元优惠券',
     provideDateBegin: '2015-05-20 00:00:00',
     provideDateEnd: '2015-12-31 23:59:59',
     receiveCount: '14',
     receiveLimitCount: '1',
     receiveLimitType: '3',
     receivePrice: '',
     rule: '详细说明：</br>1、凭本券在本店剪发立减5元\n2、本券一次体验完毕，每张券仅限一人使用\n3、单次消费仅限使用一张优惠券不可叠加使用\n4、停车位收费标准：停车位问题详询商家\n5、提供免费WiFi',
     stockCount: '286',
     stores: '[11033497]',
     type: '1',
     useCount: '2' },
  memberCoupons: 
   { couponId: '9023',
     createTime: '2015-09-14 11:40:21',
     expireTime: '2016-01-01 23:59:59',
     memberCouponId: '280068',
     merchantType: '1',
     no: '180535493788',
     reviewState: '1',
     state: '1',
     useMerchantId: '',
     useMerchantName: '',
     useTime: '' },
  stores: 
   [ { address: '福州市仓山区金港路金辉枫尚小区31栋031店面',
       distance: '4274531',
       latitude: '26.03649600000000',
       longitude: '119.28177800000000',
       name: '爵士形象美学',
       phone: '13600859165',
       regionId: '520',
       storeId: '11033497' } ] }
[2015-09-16 18:28:58.001] [ERROR] [default] - { [Error: Not Found] status: 404 }
Error: Not Found
    at D:\Works\weile-card\app.js:52:13
    at Layer.handle [as handle_request] (D:\Works\weile-card\node_modules\express\lib\router\layer.js:82:5)
    at trim_prefix (D:\Works\weile-card\node_modules\express\lib\router\index.js:302:13)
    at D:\Works\weile-card\node_modules\express\lib\router\index.js:270:7
    at Function.proto.process_params (D:\Works\weile-card\node_modules\express\lib\router\index.js:321:12)
    at next (D:\Works\weile-card\node_modules\express\lib\router\index.js:261:10)
    at SendStream.error (D:\Works\weile-card\node_modules\express\node_modules\serve-static\index.js:107:7)
    at SendStream.emit (events.js:107:17)
    at SendStream.error (D:\Works\weile-card\node_modules\express\node_modules\send\index.js:250:17)
    at SendStream.onStatError (D:\Works\weile-card\node_modules\express\node_modules\send\index.js:346:48)
[2015-09-16 18:29:00.392] [INFO] [default] - { url: 'getCardList',
  encryptType: '1',
  data: 
   { currentIndex: '1',
     pageCount: '20',
     cardType: '1,2,5',
     cityId: '53',
     distance: '99999000' },
  session: 'eyJ0b2tlbiI6ImJjNmI0OWM2YjY0YzRhNDZhYWUyNzk0ZWQ4M2Q3YTk1IiwidHlwZSI6InRydWUifQ==',
  key: 'bc6b49c6b64c4a46' }
[2015-09-16 18:29:00.393] [INFO] [default] - { request: '{"encryptType":"1","data":"tWugDrPRYZf431Mvcs3kr31jnYo/rAJpg60xfWnQuUWcu5VkJaGqlhtAbys2xFn1KgwK5pM+NJb9ZYeNnYP6JFeN3vBHJWx4PBOHguTvHqaqTwDtRynzorf8pFwPEJC6","session":"eyJ0b2tlbiI6ImJjNmI0OWM2YjY0YzRhNDZhYWUyNzk0ZWQ4M2Q3YTk1IiwidHlwZSI6InRydWUifQ=="}' }
[2015-09-16 18:29:00.394] [INFO] [default] - { weileversion: '290',
  clientos: '104',
  lng: '89.9999',
  lat: '0.0001' }
[2015-09-16 18:29:00.453] [INFO] [default] - { act: 'getCardList',
  resultCode: 0,
  encryptCode: 1,
  msg: '操作成功',
  data: 
   { merchantList: 
      [ [Object],
        [Object],
        [Object],
        [Object],
        [Object],
        [Object],
        [Object],
        [Object],
        [Object],
        [Object],
        [Object],
        [Object],
        [Object],
        [Object],
        [Object],
        [Object],
        [Object],
        [Object],
        [Object],
        [Object] ] } }
[2015-09-16 18:29:00.455] [INFO] [default] - { merchantList: 
   [ { id: '11003480',
       cardList: [Object],
       distance: '0.0',
       name: '车时尚汽车护理专家',
       star: '3.0',
       hotDegree: '8240' },
     { id: '11003485',
       cardList: [Object],
       distance: '0.0',
       name: '易车仕汽车用品店',
       star: '3.0',
       hotDegree: '7020' },
     { id: '11004013',
       cardList: [Object],
       distance: '0.0',
       name: '福缘汽车美容服务中心',
       star: '3.0',
       hotDegree: '2400' },
     { id: '11004732',
       cardList: [Object],
       distance: '0.0',
       name: '福州市仓山区懂车会汽车维修服务部',
       star: '3.0',
       hotDegree: '1990' },
     { id: '11005005',
       cardList: [Object],
       distance: '0.0',
       name: '香港瑶芳专业祛痘祛斑（仓山万达店）',
       star: '3.0',
       hotDegree: '10670' },
     { id: '11005149',
       cardList: [Object],
       distance: '0.0',
       name: '伊琳娜美容',
       star: '3.0',
       hotDegree: '690' },
     { id: '11005201',
       cardList: [Object],
       distance: '0.0',
       name: '艾美美造型连锁',
       star: '3.0',
       hotDegree: '840' },
     { id: '11005372',
       cardList: [Object],
       distance: '0.0',
       name: '名秀造型',
       star: '3.0',
       hotDegree: '1980' },
     { id: '11005439',
       cardList: [Object],
       distance: '0.0',
       name: '红美染衣',
       star: '3.0',
       hotDegree: '10040' },
     { id: '11005529',
       cardList: [Object],
       distance: '0.0',
       name: '留德发（福州市仓山区魔发公馆美发店）',
       star: '3.0',
       hotDegree: '1480' },
     { id: '11005859',
       cardList: [Object],
       distance: '0.0',
       name: '创美造型',
       star: '5.0',
       hotDegree: '11610' },
     { id: '11006217',
       cardList: [Object],
       distance: '0.0',
       name: '缪斯美业3店',
       star: '3.0',
       hotDegree: '510' },
     { id: '11006487',
       cardList: [Object],
       distance: '0.0',
       name: '宝车汇汽车养护中心',
       star: '3.0',
       hotDegree: '3620' },
     { id: '11006532',
       cardList: [Object],
       distance: '0.0',
       name: '新感觉造型',
       star: '3.0',
       hotDegree: '7780' },
     { id: '11006717',
       cardList: [Object],
       distance: '0.0',
       name: '福州市仓山区车翼界汽车用品店',
       star: '3.0',
       hotDegree: '2160' },
     { id: '11075657',
       cardList: [Object],
       distance: '0.0',
       name: '特百惠(王庄店）',
       star: '3.0',
       hotDegree: '0' },
     { id: '11006993',
       cardList: [Object],
       distance: '0.0',
       name: '异域美甲（福州市仓山区芊指绣美甲店）',
       star: '3.0',
       hotDegree: '670' },
     { id: '11074910',
       cardList: [Object],
       distance: '0.0',
       name: '手绘蓝天（海润尊品店）',
       star: '3.0',
       hotDegree: '20' },
     { id: '11009458',
       cardList: [Object],
       distance: '0.0',
       name: '福州车行天下汽车服务有限公司',
       star: '3.0',
       hotDegree: '3440' },
     { id: '11009464',
       cardList: [Object],
       distance: '0.0',
       name: '前卫造型',
       star: '3.0',
       hotDegree: '2380' } ] }
[2015-09-16 18:29:03.302] [INFO] [default] - { url: 'getCoupon',
  encryptType: undefined,
  data: { couponId: '10162' },
  session: 'eyJ0b2tlbiI6ImJjNmI0OWM2YjY0YzRhNDZhYWUyNzk0ZWQ4M2Q3YTk1IiwidHlwZSI6InRydWUifQ==',
  key: 'bc6b49c6b64c4a46' }
[2015-09-16 18:29:03.303] [INFO] [default] - { request: '{"encryptType":1,"data":"UTUXvEAi6WAcYVaN2vajsVvUqSHg4jD+V54q7zWawZQ=","session":"eyJ0b2tlbiI6ImJjNmI0OWM2YjY0YzRhNDZhYWUyNzk0ZWQ4M2Q3YTk1IiwidHlwZSI6InRydWUifQ=="}' }
[2015-09-16 18:29:03.304] [INFO] [default] - { weileversion: '290',
  clientos: '104',
  lng: '89.9999',
  lat: '0.0001' }
[2015-09-16 18:29:03.626] [INFO] [default] - { act: 'getCoupon',
  resultCode: 0,
  encryptCode: 1,
  msg: '操作成功',
  data: 
   { preferentialType: '0',
     preferentialFlage: '减',
     type: '1',
     isAllowReceive: '0',
     imageInfo: 
      [ 'http://img.v89.com/group1/M07/07/2C/rBAA11V47p2AO0iWAAExW9liFXU410_640*640.jpg',
        '',
        'http://img.v89.com/group1/M05/07/2C/rBAA11V47p2AeApFAAE5kiAbSz8296_640*640.jpg',
        '',
        'http://img.v89.com/group1/M06/07/2C/rBAA11V47p2ANY0wAAFX0JwEu6E064_640*640.jpg',
        '',
        'http://img.v89.com/group1/M08/07/2C/rBAA11V47p2AMoCLAAD0Ni0C8vA330_640*640.jpg',
        '',
        'http://img.v89.com/group1/M00/07/2C/rBAA11V47p2AC6dMAAGQo7jNOM8616_640*1136.jpg',
        '',
        'http://img.v89.com/group1/M02/07/2C/rBAA11V47qmAUYE0AAFO_o8efzM899_640*640.jpg',
        '',
        'http://img.v89.com/group1/M01/07/2C/rBAA11V47qiASgfKAAFzo3g8uZI587_640*1136.jpg',
        '' ],
     receiveLimitCount: '',
     description: '发放时间：2015-06-11至2015-12-30\n领用距离限制：同城\n',
     rule: '详细说明：</br>1、免费领取本优惠券，到店支付35元可享受原价58元的洗剪吹一次。\n2、本券不可与店铺其他优惠叠加使用。\n3、本券只能一次性使用，不找零、不兑现。\n4、本店拥有本券最终解释权。',
     name: '凭券到店消费立减  23元',
     merchantType: '1',
     merchantName: '艾美美造型连锁',
     cardValue: '23000',
     merchantId: '11005201',
     effectiveDate: '2015-12-31 23:59:59',
     provideDateBegin: '2015-06-11 00:00:00',
     friendCardCount: '0',
     preferentialName: '立减券',
     logoUrl: 'http://img.v89.com/group1/M07/07/2C/rBAA11V47kGANykZAACjnDaYPIM261_640*384.jpg',
     stockCount: '297',
     couponId: '10162',
     useCount: '0',
     discount: '',
     isEnableDistanceLimit: '1',
     effectiveType: '1',
     distanceLimit: '0',
     receiveCount: '3',
     effectiveTime: '',
     receiveLimitType: '1',
     displayName: '凭券到店消费立减  23元',
     cardTempId: '3',
     stores: [ [Object] ],
     provideDateEnd: '2015-12-30 23:59:59',
     isReceive: '0' } }
[2015-09-16 18:29:03.628] [INFO] [default] - { preferentialType: '0',
  preferentialFlage: '减',
  type: '1',
  isAllowReceive: '0',
  imageInfo: 
   [ 'http://img.v89.com/group1/M07/07/2C/rBAA11V47p2AO0iWAAExW9liFXU410_640*640.jpg',
     '',
     'http://img.v89.com/group1/M05/07/2C/rBAA11V47p2AeApFAAE5kiAbSz8296_640*640.jpg',
     '',
     'http://img.v89.com/group1/M06/07/2C/rBAA11V47p2ANY0wAAFX0JwEu6E064_640*640.jpg',
     '',
     'http://img.v89.com/group1/M08/07/2C/rBAA11V47p2AMoCLAAD0Ni0C8vA330_640*640.jpg',
     '',
     'http://img.v89.com/group1/M00/07/2C/rBAA11V47p2AC6dMAAGQo7jNOM8616_640*1136.jpg',
     '',
     'http://img.v89.com/group1/M02/07/2C/rBAA11V47qmAUYE0AAFO_o8efzM899_640*640.jpg',
     '',
     'http://img.v89.com/group1/M01/07/2C/rBAA11V47qiASgfKAAFzo3g8uZI587_640*1136.jpg',
     '' ],
  receiveLimitCount: '',
  description: '发放时间：2015-06-11至2015-12-30\n领用距离限制：同城\n',
  rule: '详细说明：</br>1、免费领取本优惠券，到店支付35元可享受原价58元的洗剪吹一次。\n2、本券不可与店铺其他优惠叠加使用。\n3、本券只能一次性使用，不找零、不兑现。\n4、本店拥有本券最终解释权。',
  name: '凭券到店消费立减  23元',
  merchantType: '1',
  merchantName: '艾美美造型连锁',
  cardValue: '23000',
  merchantId: '11005201',
  effectiveDate: '2015-12-31 23:59:59',
  provideDateBegin: '2015-06-11 00:00:00',
  friendCardCount: '0',
  preferentialName: '立减券',
  logoUrl: 'http://img.v89.com/group1/M07/07/2C/rBAA11V47kGANykZAACjnDaYPIM261_640*384.jpg',
  stockCount: '297',
  couponId: '10162',
  useCount: '0',
  discount: '',
  isEnableDistanceLimit: '1',
  effectiveType: '1',
  distanceLimit: '0',
  receiveCount: '3',
  effectiveTime: '',
  receiveLimitType: '1',
  displayName: '凭券到店消费立减  23元',
  cardTempId: '3',
  stores: 
   [ { address: '福建省福州市仓山区金洲南路806号汇创名居二期17#20店面（浦上乐都汇公交站后面）',
       distance: '4273344',
       latitude: '26.03280600000000',
       longitude: '119.26991900000000',
       name: '艾美美造型连锁',
       phone: '13960752661',
       regionId: '520',
       storeId: '11005201' } ],
  provideDateEnd: '2015-12-30 23:59:59',
  isReceive: '0' }
[2015-09-16 18:29:11.477] [INFO] [default] - { url: 'getMemberCoupon',
  encryptType: undefined,
  data: { memberCouponId: '280710' },
  session: 'eyJzZXNzaW9uS2V5IjoiMTM2MjUwNDExNzQiLCJ0b2tlbiI6ImZzODcwNDNmXzUwMDA3MDQ2In0=',
  key: 'cce856e214c14c52' }
[2015-09-16 18:29:11.478] [INFO] [default] - { request: '{"encryptType":1,"data":"Dqvyh7oJN3MwWFmAgO358YIJ38Zqfg6yFROOg2DXnx0=","session":"eyJzZXNzaW9uS2V5IjoiMTM2MjUwNDExNzQiLCJ0b2tlbiI6ImZzODcwNDNmXzUwMDA3MDQ2In0="}' }
[2015-09-16 18:29:11.479] [INFO] [default] - { weileversion: '290',
  clientos: '104',
  lng: '89.9999',
  lat: '0.0001',
  cityid: '53' }
[2015-09-16 18:29:11.541] [INFO] [default] - { act: 'getMemberCoupon',
  resultCode: 0,
  encryptCode: 1,
  msg: '操作成功',
  data: 
   { coupons: 
      { cardTempId: '3',
        cardValue: '100000',
        couponId: '9910',
        description: '发放时间：2015-06-05至2015-12-30\n领用距离限制：同城\n',
        displayName: '凭券到店消费满 300元, 立减100元',
        distanceLimit: '0',
        effectiveDate: '2015-12-31 23:59:59',
        effectiveTime: '',
        effectiveType: '1',
        imageInfo: '["http://img.v89.com/group1/M02/07/27/rBAA11Vw_AKABgj-AAExW9liFXU970_640*640.jpg","","http://img.v89.com/group1/M03/07/27/rBAA11Vw_AWACsXTAAE5kiAbSz8830_640*640.jpg","","http://img.v89.com/group1/M04/07/27/rBAA11Vw_AiAR95CAAFO_o8efzM429_640*640.jpg","","http://img.v89.com/group1/M05/07/27/rBAA11Vw_AuAGhotAAFX0JwEu6E193_640*640.jpg","","http://img.v89.com/group1/M06/07/27/rBAA11Vw_A6AbxevAAD0Ni0C8vA308_640*640.jpg","","http://img.v89.com/group1/M07/07/27/rBAA11Vw_BCARgPpAAFzo3g8uZI919_640*1136.jpg","","http://img.v89.com/group1/M08/07/27/rBAA11Vw_BSAVAMAAAGQo7jNOM8746_640*1136.jpg",""]',
        isEnableDistanceLimit: '1',
        logoUrl: 'http://img.v89.com/group1/M00/07/27/rBAA11Vw-7CAHfySAACjnDaYPIM764_640*384.jpg',
        merchantId: '11005201',
        merchantType: '1',
        name: '凭券到店消费满 300元, 立减100元',
        preferentialFlage: '减',
        preferentialName: '满减券',
        preferentialType: '1',
        provideDateBegin: '2015-06-05 00:00:00',
        provideDateEnd: '2015-12-30 23:59:59',
        receiveCount: '11',
        receiveLimitCount: '',
        receiveLimitType: '1',
        receivePrice: '',
        rule: '详细说明：</br>1、免费领取本优惠券，到店消费满300元立减100元（仅限烫/染/拉）\n2、本券不可与店铺其他优惠叠加使用。\n3、本券只能一次性使用，不找零、不兑现。\n4、本店拥有本券最终解释权。\n普通用户券无限制',
        stockCount: '390',
        stores: '[11005201]',
        type: '1',
        useCount: '1' },
     memberCoupons: 
      { couponId: '9910',
        createTime: '2015-09-15 13:57:44',
        expireTime: '2015-12-31 23:59:59',
        memberCouponId: '280710',
        merchantType: '1',
        no: '130235435102',
        reviewState: '1',
        state: '1',
        useMerchantId: '',
        useMerchantName: '',
        useTime: '' },
     stores: [ [Object] ] } }
[2015-09-16 18:29:11.542] [INFO] [default] - { coupons: 
   { cardTempId: '3',
     cardValue: '100000',
     couponId: '9910',
     description: '发放时间：2015-06-05至2015-12-30\n领用距离限制：同城\n',
     displayName: '凭券到店消费满 300元, 立减100元',
     distanceLimit: '0',
     effectiveDate: '2015-12-31 23:59:59',
     effectiveTime: '',
     effectiveType: '1',
     imageInfo: '["http://img.v89.com/group1/M02/07/27/rBAA11Vw_AKABgj-AAExW9liFXU970_640*640.jpg","","http://img.v89.com/group1/M03/07/27/rBAA11Vw_AWACsXTAAE5kiAbSz8830_640*640.jpg","","http://img.v89.com/group1/M04/07/27/rBAA11Vw_AiAR95CAAFO_o8efzM429_640*640.jpg","","http://img.v89.com/group1/M05/07/27/rBAA11Vw_AuAGhotAAFX0JwEu6E193_640*640.jpg","","http://img.v89.com/group1/M06/07/27/rBAA11Vw_A6AbxevAAD0Ni0C8vA308_640*640.jpg","","http://img.v89.com/group1/M07/07/27/rBAA11Vw_BCARgPpAAFzo3g8uZI919_640*1136.jpg","","http://img.v89.com/group1/M08/07/27/rBAA11Vw_BSAVAMAAAGQo7jNOM8746_640*1136.jpg",""]',
     isEnableDistanceLimit: '1',
     logoUrl: 'http://img.v89.com/group1/M00/07/27/rBAA11Vw-7CAHfySAACjnDaYPIM764_640*384.jpg',
     merchantId: '11005201',
     merchantType: '1',
     name: '凭券到店消费满 300元, 立减100元',
     preferentialFlage: '减',
     preferentialName: '满减券',
     preferentialType: '1',
     provideDateBegin: '2015-06-05 00:00:00',
     provideDateEnd: '2015-12-30 23:59:59',
     receiveCount: '11',
     receiveLimitCount: '',
     receiveLimitType: '1',
     receivePrice: '',
     rule: '详细说明：</br>1、免费领取本优惠券，到店消费满300元立减100元（仅限烫/染/拉）\n2、本券不可与店铺其他优惠叠加使用。\n3、本券只能一次性使用，不找零、不兑现。\n4、本店拥有本券最终解释权。\n普通用户券无限制',
     stockCount: '390',
     stores: '[11005201]',
     type: '1',
     useCount: '1' },
  memberCoupons: 
   { couponId: '9910',
     createTime: '2015-09-15 13:57:44',
     expireTime: '2015-12-31 23:59:59',
     memberCouponId: '280710',
     merchantType: '1',
     no: '130235435102',
     reviewState: '1',
     state: '1',
     useMerchantId: '',
     useMerchantName: '',
     useTime: '' },
  stores: 
   [ { address: '福建省福州市仓山区金洲南路806号汇创名居二期17#20店面（浦上乐都汇公交站后面）',
       distance: '4273344',
       latitude: '26.03280600000000',
       longitude: '119.26991900000000',
       name: '艾美美造型连锁',
       phone: '13960752661',
       regionId: '520',
       storeId: '11005201' } ] }
[2015-09-16 18:29:15.551] [INFO] [default] - { url: 'getMemberCoupon',
  encryptType: undefined,
  data: { memberCouponId: '280710' },
  session: 'eyJzZXNzaW9uS2V5IjoiMTM2MjUwNDExNzQiLCJ0b2tlbiI6ImZzODcwNDNmXzUwMDA3MDQ2In0=',
  key: 'cce856e214c14c52' }
[2015-09-16 18:29:15.552] [INFO] [default] - { request: '{"encryptType":1,"data":"Dqvyh7oJN3MwWFmAgO358YIJ38Zqfg6yFROOg2DXnx0=","session":"eyJzZXNzaW9uS2V5IjoiMTM2MjUwNDExNzQiLCJ0b2tlbiI6ImZzODcwNDNmXzUwMDA3MDQ2In0="}' }
[2015-09-16 18:29:15.553] [INFO] [default] - { weileversion: '290',
  clientos: '104',
  lng: '89.9999',
  lat: '0.0001',
  cityid: '53' }
[2015-09-16 18:29:15.604] [INFO] [default] - { act: 'getMemberCoupon',
  resultCode: 0,
  encryptCode: 1,
  msg: '操作成功',
  data: 
   { coupons: 
      { cardTempId: '3',
        cardValue: '100000',
        couponId: '9910',
        description: '发放时间：2015-06-05至2015-12-30\n领用距离限制：同城\n',
        displayName: '凭券到店消费满 300元, 立减100元',
        distanceLimit: '0',
        effectiveDate: '2015-12-31 23:59:59',
        effectiveTime: '',
        effectiveType: '1',
        imageInfo: '["http://img.v89.com/group1/M02/07/27/rBAA11Vw_AKABgj-AAExW9liFXU970_640*640.jpg","","http://img.v89.com/group1/M03/07/27/rBAA11Vw_AWACsXTAAE5kiAbSz8830_640*640.jpg","","http://img.v89.com/group1/M04/07/27/rBAA11Vw_AiAR95CAAFO_o8efzM429_640*640.jpg","","http://img.v89.com/group1/M05/07/27/rBAA11Vw_AuAGhotAAFX0JwEu6E193_640*640.jpg","","http://img.v89.com/group1/M06/07/27/rBAA11Vw_A6AbxevAAD0Ni0C8vA308_640*640.jpg","","http://img.v89.com/group1/M07/07/27/rBAA11Vw_BCARgPpAAFzo3g8uZI919_640*1136.jpg","","http://img.v89.com/group1/M08/07/27/rBAA11Vw_BSAVAMAAAGQo7jNOM8746_640*1136.jpg",""]',
        isEnableDistanceLimit: '1',
        logoUrl: 'http://img.v89.com/group1/M00/07/27/rBAA11Vw-7CAHfySAACjnDaYPIM764_640*384.jpg',
        merchantId: '11005201',
        merchantType: '1',
        name: '凭券到店消费满 300元, 立减100元',
        preferentialFlage: '减',
        preferentialName: '满减券',
        preferentialType: '1',
        provideDateBegin: '2015-06-05 00:00:00',
        provideDateEnd: '2015-12-30 23:59:59',
        receiveCount: '11',
        receiveLimitCount: '',
        receiveLimitType: '1',
        receivePrice: '',
        rule: '详细说明：</br>1、免费领取本优惠券，到店消费满300元立减100元（仅限烫/染/拉）\n2、本券不可与店铺其他优惠叠加使用。\n3、本券只能一次性使用，不找零、不兑现。\n4、本店拥有本券最终解释权。\n普通用户券无限制',
        stockCount: '390',
        stores: '[11005201]',
        type: '1',
        useCount: '1' },
     memberCoupons: 
      { couponId: '9910',
        createTime: '2015-09-15 13:57:44',
        expireTime: '2015-12-31 23:59:59',
        memberCouponId: '280710',
        merchantType: '1',
        no: '130235435102',
        reviewState: '1',
        state: '1',
        useMerchantId: '',
        useMerchantName: '',
        useTime: '' },
     stores: [ [Object] ] } }
[2015-09-16 18:29:15.604] [INFO] [default] - { coupons: 
   { cardTempId: '3',
     cardValue: '100000',
     couponId: '9910',
     description: '发放时间：2015-06-05至2015-12-30\n领用距离限制：同城\n',
     displayName: '凭券到店消费满 300元, 立减100元',
     distanceLimit: '0',
     effectiveDate: '2015-12-31 23:59:59',
     effectiveTime: '',
     effectiveType: '1',
     imageInfo: '["http://img.v89.com/group1/M02/07/27/rBAA11Vw_AKABgj-AAExW9liFXU970_640*640.jpg","","http://img.v89.com/group1/M03/07/27/rBAA11Vw_AWACsXTAAE5kiAbSz8830_640*640.jpg","","http://img.v89.com/group1/M04/07/27/rBAA11Vw_AiAR95CAAFO_o8efzM429_640*640.jpg","","http://img.v89.com/group1/M05/07/27/rBAA11Vw_AuAGhotAAFX0JwEu6E193_640*640.jpg","","http://img.v89.com/group1/M06/07/27/rBAA11Vw_A6AbxevAAD0Ni0C8vA308_640*640.jpg","","http://img.v89.com/group1/M07/07/27/rBAA11Vw_BCARgPpAAFzo3g8uZI919_640*1136.jpg","","http://img.v89.com/group1/M08/07/27/rBAA11Vw_BSAVAMAAAGQo7jNOM8746_640*1136.jpg",""]',
     isEnableDistanceLimit: '1',
     logoUrl: 'http://img.v89.com/group1/M00/07/27/rBAA11Vw-7CAHfySAACjnDaYPIM764_640*384.jpg',
     merchantId: '11005201',
     merchantType: '1',
     name: '凭券到店消费满 300元, 立减100元',
     preferentialFlage: '减',
     preferentialName: '满减券',
     preferentialType: '1',
     provideDateBegin: '2015-06-05 00:00:00',
     provideDateEnd: '2015-12-30 23:59:59',
     receiveCount: '11',
     receiveLimitCount: '',
     receiveLimitType: '1',
     receivePrice: '',
     rule: '详细说明：</br>1、免费领取本优惠券，到店消费满300元立减100元（仅限烫/染/拉）\n2、本券不可与店铺其他优惠叠加使用。\n3、本券只能一次性使用，不找零、不兑现。\n4、本店拥有本券最终解释权。\n普通用户券无限制',
     stockCount: '390',
     stores: '[11005201]',
     type: '1',
     useCount: '1' },
  memberCoupons: 
   { couponId: '9910',
     createTime: '2015-09-15 13:57:44',
     expireTime: '2015-12-31 23:59:59',
     memberCouponId: '280710',
     merchantType: '1',
     no: '130235435102',
     reviewState: '1',
     state: '1',
     useMerchantId: '',
     useMerchantName: '',
     useTime: '' },
  stores: 
   [ { address: '福建省福州市仓山区金洲南路806号汇创名居二期17#20店面（浦上乐都汇公交站后面）',
       distance: '4273344',
       latitude: '26.03280600000000',
       longitude: '119.26991900000000',
       name: '艾美美造型连锁',
       phone: '13960752661',
       regionId: '520',
       storeId: '11005201' } ] }
[2015-09-16 18:29:18.949] [INFO] [default] - { url: 'getCoupon',
  encryptType: undefined,
  data: { couponId: '10159' },
  session: 'eyJ0b2tlbiI6ImJjNmI0OWM2YjY0YzRhNDZhYWUyNzk0ZWQ4M2Q3YTk1IiwidHlwZSI6InRydWUifQ==',
  key: 'bc6b49c6b64c4a46' }
[2015-09-16 18:29:18.949] [INFO] [default] - { request: '{"encryptType":1,"data":"UTUXvEAi6WAcYVaN2vajsZ+viTqnQVUQQpOyQxRQqlw=","session":"eyJ0b2tlbiI6ImJjNmI0OWM2YjY0YzRhNDZhYWUyNzk0ZWQ4M2Q3YTk1IiwidHlwZSI6InRydWUifQ=="}' }
[2015-09-16 18:29:18.950] [INFO] [default] - { weileversion: '290',
  clientos: '104',
  lng: '89.9999',
  lat: '0.0001' }
[2015-09-16 18:29:19.757] [INFO] [default] - { act: 'getCoupon',
  resultCode: 0,
  encryptCode: 1,
  msg: '操作成功',
  data: 
   { preferentialType: '0',
     preferentialFlage: '减',
     type: '1',
     isAllowReceive: '0',
     imageInfo: 
      [ 'http://img.v89.com/group1/M06/07/2C/rBAA11V47x2ALVq6AAExW9liFXU212_640*640.jpg',
        '',
        'http://img.v89.com/group1/M05/07/2C/rBAA11V47x2AOFfyAAE5kiAbSz8970_640*640.jpg',
        '',
        'http://img.v89.com/group1/M04/07/2C/rBAA11V47x2Ae0AVAAFO_o8efzM011_640*640.jpg',
        '',
        'http://img.v89.com/group1/M07/07/2C/rBAA11V47x2AczG6AAFX0JwEu6E732_640*640.jpg',
        '',
        'http://img.v89.com/group1/M08/07/2C/rBAA11V47x2AWbqnAAD0Ni0C8vA275_640*640.jpg',
        '',
        'http://img.v89.com/group1/M00/07/2C/rBAA11V47x2ATGOBAAFzo3g8uZI587_640*1136.jpg',
        '',
        'http://img.v89.com/group1/M01/07/2C/rBAA11V47x6AWxfhAAGQo7jNOM8313_640*1136.jpg',
        '' ],
     receiveLimitCount: '',
     description: '发放时间：2015-06-11至2015-12-30\n领用距离限制：同城\n',
     rule: '详细说明：</br>1、免费领取本优惠券，全场烫发单项立减100元。（仅限烫发）\n2、本券不可与店铺其他优惠叠加使用。\n3、本券只能一次性使用，不找零、不兑现。\n4、本店拥有本券最终解释权。',
     name: '凭券到店消费立减  100元',
     merchantType: '1',
     merchantName: '艾美美造型连锁',
     cardValue: '100000',
     merchantId: '11005201',
     effectiveDate: '2015-12-31 23:59:59',
     provideDateBegin: '2015-06-11 00:00:00',
     friendCardCount: '0',
     preferentialName: '立减券',
     logoUrl: 'http://img.v89.com/group1/M03/07/2C/rBAA11V47saAawzdAACjnDaYPIM584_640*384.jpg',
     stockCount: '296',
     couponId: '10159',
     useCount: '0',
     discount: '',
     isEnableDistanceLimit: '1',
     effectiveType: '1',
     distanceLimit: '0',
     receiveCount: '4',
     effectiveTime: '',
     receiveLimitType: '1',
     displayName: '凭券到店消费立减  100元',
     cardTempId: '3',
     stores: [ [Object] ],
     provideDateEnd: '2015-12-30 23:59:59',
     isReceive: '0' } }
[2015-09-16 18:29:19.759] [INFO] [default] - { preferentialType: '0',
  preferentialFlage: '减',
  type: '1',
  isAllowReceive: '0',
  imageInfo: 
   [ 'http://img.v89.com/group1/M06/07/2C/rBAA11V47x2ALVq6AAExW9liFXU212_640*640.jpg',
     '',
     'http://img.v89.com/group1/M05/07/2C/rBAA11V47x2AOFfyAAE5kiAbSz8970_640*640.jpg',
     '',
     'http://img.v89.com/group1/M04/07/2C/rBAA11V47x2Ae0AVAAFO_o8efzM011_640*640.jpg',
     '',
     'http://img.v89.com/group1/M07/07/2C/rBAA11V47x2AczG6AAFX0JwEu6E732_640*640.jpg',
     '',
     'http://img.v89.com/group1/M08/07/2C/rBAA11V47x2AWbqnAAD0Ni0C8vA275_640*640.jpg',
     '',
     'http://img.v89.com/group1/M00/07/2C/rBAA11V47x2ATGOBAAFzo3g8uZI587_640*1136.jpg',
     '',
     'http://img.v89.com/group1/M01/07/2C/rBAA11V47x6AWxfhAAGQo7jNOM8313_640*1136.jpg',
     '' ],
  receiveLimitCount: '',
  description: '发放时间：2015-06-11至2015-12-30\n领用距离限制：同城\n',
  rule: '详细说明：</br>1、免费领取本优惠券，全场烫发单项立减100元。（仅限烫发）\n2、本券不可与店铺其他优惠叠加使用。\n3、本券只能一次性使用，不找零、不兑现。\n4、本店拥有本券最终解释权。',
  name: '凭券到店消费立减  100元',
  merchantType: '1',
  merchantName: '艾美美造型连锁',
  cardValue: '100000',
  merchantId: '11005201',
  effectiveDate: '2015-12-31 23:59:59',
  provideDateBegin: '2015-06-11 00:00:00',
  friendCardCount: '0',
  preferentialName: '立减券',
  logoUrl: 'http://img.v89.com/group1/M03/07/2C/rBAA11V47saAawzdAACjnDaYPIM584_640*384.jpg',
  stockCount: '296',
  couponId: '10159',
  useCount: '0',
  discount: '',
  isEnableDistanceLimit: '1',
  effectiveType: '1',
  distanceLimit: '0',
  receiveCount: '4',
  effectiveTime: '',
  receiveLimitType: '1',
  displayName: '凭券到店消费立减  100元',
  cardTempId: '3',
  stores: 
   [ { address: '福建省福州市仓山区金洲南路806号汇创名居二期17#20店面（浦上乐都汇公交站后面）',
       distance: '4273344',
       latitude: '26.03280600000000',
       longitude: '119.26991900000000',
       name: '艾美美造型连锁',
       phone: '13960752661',
       regionId: '520',
       storeId: '11005201' } ],
  provideDateEnd: '2015-12-30 23:59:59',
  isReceive: '0' }
[2015-09-16 18:42:11.121] [WARN] [default] - 用户IP: 
[2015-09-16 18:42:11.242] [WARN] [default] - 用户IP: 
[2015-09-16 18:42:11.677] [INFO] [default] - { url: 'getMemberCardList',
  encryptType: 1,
  data: { currentIndex: 1, pageCount: 100 },
  session: 'eyJzZXNzaW9uS2V5IjoiMTM2MjUwNDExNzQiLCJ0b2tlbiI6ImZzODcwNDNmXzUwMDA3MDQ2In0=',
  key: 'cce856e214c14c52' }
[2015-09-16 18:42:11.678] [INFO] [default] - { request: '{"encryptType":1,"data":"xVS1FfhYdRI3Gn7CXZD4FC5yJei4Qda3KIAUdWeVK924BJHye7qsS+O7rtDA1c20","session":"eyJzZXNzaW9uS2V5IjoiMTM2MjUwNDExNzQiLCJ0b2tlbiI6ImZzODcwNDNmXzUwMDA3MDQ2In0="}' }
[2015-09-16 18:42:11.678] [INFO] [default] - { weileversion: '290',
  clientos: '104',
  lng: '89.9999',
  lat: '0.0001' }
[2015-09-16 18:42:11.679] [INFO] [default] - { url: 'getCardList',
  encryptType: '1',
  data: 
   { currentIndex: '1',
     pageCount: '20',
     cardType: '1,2,5',
     cityId: '53',
     distance: '99999000' },
  session: 'eyJ0b2tlbiI6ImJjNmI0OWM2YjY0YzRhNDZhYWUyNzk0ZWQ4M2Q3YTk1IiwidHlwZSI6InRydWUifQ==',
  key: 'bc6b49c6b64c4a46' }
[2015-09-16 18:42:11.680] [INFO] [default] - { request: '{"encryptType":"1","data":"tWugDrPRYZf431Mvcs3kr31jnYo/rAJpg60xfWnQuUWcu5VkJaGqlhtAbys2xFn1KgwK5pM+NJb9ZYeNnYP6JFeN3vBHJWx4PBOHguTvHqaqTwDtRynzorf8pFwPEJC6","session":"eyJ0b2tlbiI6ImJjNmI0OWM2YjY0YzRhNDZhYWUyNzk0ZWQ4M2Q3YTk1IiwidHlwZSI6InRydWUifQ=="}' }
[2015-09-16 18:42:11.680] [INFO] [default] - { weileversion: '290',
  clientos: '104',
  lng: '89.9999',
  lat: '0.0001' }
[2015-09-16 18:42:11.753] [INFO] [default] - { act: 'getCardList',
  resultCode: 0,
  encryptCode: 1,
  msg: '操作成功',
  data: 
   { merchantList: 
      [ [Object],
        [Object],
        [Object],
        [Object],
        [Object],
        [Object],
        [Object],
        [Object],
        [Object],
        [Object],
        [Object],
        [Object],
        [Object],
        [Object],
        [Object],
        [Object],
        [Object],
        [Object],
        [Object],
        [Object] ] } }
[2015-09-16 18:42:11.755] [INFO] [default] - { merchantList: 
   [ { id: '11003480',
       cardList: [Object],
       distance: '0.0',
       name: '车时尚汽车护理专家',
       star: '3.0',
       hotDegree: '8240' },
     { id: '11003485',
       cardList: [Object],
       distance: '0.0',
       name: '易车仕汽车用品店',
       star: '3.0',
       hotDegree: '7020' },
     { id: '11004013',
       cardList: [Object],
       distance: '0.0',
       name: '福缘汽车美容服务中心',
       star: '3.0',
       hotDegree: '2400' },
     { id: '11004732',
       cardList: [Object],
       distance: '0.0',
       name: '福州市仓山区懂车会汽车维修服务部',
       star: '3.0',
       hotDegree: '1990' },
     { id: '11005005',
       cardList: [Object],
       distance: '0.0',
       name: '香港瑶芳专业祛痘祛斑（仓山万达店）',
       star: '3.0',
       hotDegree: '10670' },
     { id: '11005149',
       cardList: [Object],
       distance: '0.0',
       name: '伊琳娜美容',
       star: '3.0',
       hotDegree: '690' },
     { id: '11005201',
       cardList: [Object],
       distance: '0.0',
       name: '艾美美造型连锁',
       star: '3.0',
       hotDegree: '840' },
     { id: '11005372',
       cardList: [Object],
       distance: '0.0',
       name: '名秀造型',
       star: '3.0',
       hotDegree: '1980' },
     { id: '11005439',
       cardList: [Object],
       distance: '0.0',
       name: '红美染衣',
       star: '3.0',
       hotDegree: '10040' },
     { id: '11005529',
       cardList: [Object],
       distance: '0.0',
       name: '留德发（福州市仓山区魔发公馆美发店）',
       star: '3.0',
       hotDegree: '1480' },
     { id: '11005859',
       cardList: [Object],
       distance: '0.0',
       name: '创美造型',
       star: '5.0',
       hotDegree: '11610' },
     { id: '11006217',
       cardList: [Object],
       distance: '0.0',
       name: '缪斯美业3店',
       star: '3.0',
       hotDegree: '510' },
     { id: '11006487',
       cardList: [Object],
       distance: '0.0',
       name: '宝车汇汽车养护中心',
       star: '3.0',
       hotDegree: '3620' },
     { id: '11006532',
       cardList: [Object],
       distance: '0.0',
       name: '新感觉造型',
       star: '3.0',
       hotDegree: '7780' },
     { id: '11006717',
       cardList: [Object],
       distance: '0.0',
       name: '福州市仓山区车翼界汽车用品店',
       star: '3.0',
       hotDegree: '2160' },
     { id: '11075657',
       cardList: [Object],
       distance: '0.0',
       name: '特百惠(王庄店）',
       star: '3.0',
       hotDegree: '0' },
     { id: '11006993',
       cardList: [Object],
       distance: '0.0',
       name: '异域美甲（福州市仓山区芊指绣美甲店）',
       star: '3.0',
       hotDegree: '670' },
     { id: '11074910',
       cardList: [Object],
       distance: '0.0',
       name: '手绘蓝天（海润尊品店）',
       star: '3.0',
       hotDegree: '20' },
     { id: '11009458',
       cardList: [Object],
       distance: '0.0',
       name: '福州车行天下汽车服务有限公司',
       star: '3.0',
       hotDegree: '3440' },
     { id: '11009464',
       cardList: [Object],
       distance: '0.0',
       name: '前卫造型',
       star: '3.0',
       hotDegree: '2380' } ] }
[2015-09-16 18:42:12.423] [INFO] [default] - { act: 'getMemberCardList',
  resultCode: 0,
  encryptCode: 1,
  msg: '操作成功',
  data: 
   { cards: 
      [ [Object],
        [Object],
        [Object],
        [Object],
        [Object],
        [Object],
        [Object],
        [Object],
        [Object],
        [Object],
        [Object],
        [Object],
        [Object],
        [Object],
        [Object],
        [Object],
        [Object],
        [Object],
        [Object],
        [Object],
        [Object],
        [Object] ] } }
[2015-09-16 18:42:12.425] [INFO] [default] - { cards: 
   [ { cashcoupons: '[]',
       coupons: [Object],
       distance: '4271622',
       mcards: '[]',
       merchantId: '11005372',
       merchantName: '名秀造型',
       merchantType: '1',
       ncards: '[]',
       vcards: '[]' },
     { cashcoupons: '[]',
       coupons: [Object],
       distance: '4271644',
       mcards: '[]',
       merchantId: '11067448',
       merchantName: '安特鲁',
       merchantType: '1',
       ncards: '[]',
       vcards: '[]' },
     { cashcoupons: '[]',
       coupons: [Object],
       distance: '4271768',
       mcards: '[]',
       merchantId: '11067451',
       merchantName: '万川寿司',
       merchantType: '1',
       ncards: '[]',
       vcards: '[]' },
     { cashcoupons: '[]',
       coupons: [Object],
       distance: '4271856',
       mcards: '[]',
       merchantId: '11074903',
       merchantName: '榕盛商务宾馆（金桔店）',
       merchantType: '1',
       ncards: '[]',
       vcards: '[]' },
     { cashcoupons: '[]',
       coupons: [Object],
       distance: '4272160',
       mcards: '[]',
       merchantId: '11066382',
       merchantName: '泰檬时尚甜饮',
       merchantType: '1',
       ncards: '[]',
       vcards: '[]' },
     { cashcoupons: '[]',
       coupons: [Object],
       distance: '4272667',
       mcards: '[]',
       merchantId: '11003480',
       merchantName: '车时尚汽车护理专家',
       merchantType: '1',
       ncards: '[]',
       vcards: '[]' },
     { cashcoupons: '[]',
       coupons: [Object],
       distance: '4272709',
       mcards: '[]',
       merchantId: '11074295',
       merchantName: '微乐福州服务中心',
       merchantType: '1',
       ncards: '[]',
       vcards: '[]' },
     { cashcoupons: '[]',
       coupons: '[]',
       distance: '4272807',
       mcards: '[]',
       merchantId: '11074538',
       merchantName: '微乐便利店',
       merchantType: '1',
       ncards: [Object],
       vcards: '[]' },
     { cashcoupons: '[]',
       coupons: [Object],
       distance: '4273026',
       mcards: '[]',
       merchantId: '11066304',
       merchantName: '迈哆猪排',
       merchantType: '1',
       ncards: '[]',
       vcards: '[]' },
     { cashcoupons: '[]',
       coupons: [Object],
       distance: '4273269',
       mcards: '[]',
       merchantId: '11005529',
       merchantName: '留德发（福州市仓山区魔发公馆美发店）',
       merchantType: '1',
       ncards: '[]',
       vcards: '[]' },
     { cashcoupons: '[]',
       coupons: [Object],
       distance: '4273344',
       mcards: '[]',
       merchantId: '11005201',
       merchantName: '艾美美造型连锁',
       merchantType: '1',
       ncards: '[]',
       vcards: '[]' },
     { cashcoupons: '[]',
       coupons: [Object],
       distance: '4273352',
       mcards: '[]',
       merchantId: '134',
       merchantName: '迈克电脑连锁',
       merchantType: '2',
       ncards: '[]',
       vcards: '[]' },
     { cashcoupons: '[]',
       coupons: [Object],
       distance: '4273482',
       mcards: '[]',
       merchantId: '11004732',
       merchantName: '福州市仓山区懂车会汽车维修服务部',
       merchantType: '1',
       ncards: '[]',
       vcards: '[]' },
     { cashcoupons: '[]',
       coupons: [Object],
       distance: '4273668',
       mcards: '[]',
       merchantId: '11009458',
       merchantName: '福州车行天下汽车服务有限公司',
       merchantType: '1',
       ncards: '[]',
       vcards: '[]' },
     { cashcoupons: '[]',
       coupons: [Object],
       distance: '4273934',
       mcards: '[]',
       merchantId: '11065721',
       merchantName: '微乐福利社',
       merchantType: '1',
       ncards: '[]',
       vcards: '[]' },
     { cashcoupons: '[]',
       coupons: [Object],
       distance: '4273958',
       mcards: '[]',
       merchantId: '11005005',
       merchantName: '香港瑶芳专业祛痘祛斑（仓山万达店）',
       merchantType: '1',
       ncards: '[]',
       vcards: '[]' },
     { cashcoupons: '[]',
       coupons: [Object],
       distance: '4274022',
       mcards: '[]',
       merchantId: '11003485',
       merchantName: '易车仕汽车用品店',
       merchantType: '1',
       ncards: '[]',
       vcards: '[]' },
     { cashcoupons: '[]',
       coupons: [Object],
       distance: '4274061',
       mcards: '[]',
       merchantId: '11066365',
       merchantName: '陌陌家鲜花水果',
       merchantType: '1',
       ncards: '[]',
       vcards: '[]' },
     { cashcoupons: '[]',
       coupons: [Object],
       distance: '4274182',
       mcards: '[]',
       merchantId: '11069050',
       merchantName: '友名仔套餐',
       merchantType: '1',
       ncards: '[]',
       vcards: '[]' },
     { cashcoupons: '[]',
       coupons: [Object],
       distance: '4274531',
       mcards: '[]',
       merchantId: '11033497',
       merchantName: '爵士形象美学',
       merchantType: '1',
       ncards: '[]',
       vcards: '[]' },
     { cashcoupons: '[]',
       coupons: [Object],
       distance: '4274796',
       mcards: '[]',
       merchantId: '11070347',
       merchantName: '虎纠好橄榄',
       merchantType: '1',
       ncards: '[]',
       vcards: '[]' },
     { cashcoupons: '[]',
       coupons: [Object],
       distance: '4276173',
       mcards: '[]',
       merchantId: '11067572',
       merchantName: '尚干人家',
       merchantType: '1',
       ncards: '[]',
       vcards: '[]' } ] }
[2015-09-16 18:42:16.813] [INFO] [default] - { url: 'getCoupon',
  encryptType: undefined,
  data: { couponId: '10207' },
  session: 'eyJ0b2tlbiI6ImJjNmI0OWM2YjY0YzRhNDZhYWUyNzk0ZWQ4M2Q3YTk1IiwidHlwZSI6InRydWUifQ==',
  key: 'bc6b49c6b64c4a46' }
[2015-09-16 18:42:16.813] [INFO] [default] - { request: '{"encryptType":1,"data":"oWTZ+Aoua2kaC2lNUVuC8/KvW6s29BSAZyQ5CkxfU2s=","session":"eyJ0b2tlbiI6ImJjNmI0OWM2YjY0YzRhNDZhYWUyNzk0ZWQ4M2Q3YTk1IiwidHlwZSI6InRydWUifQ=="}' }
[2015-09-16 18:42:16.814] [INFO] [default] - { weileversion: '290',
  clientos: '104',
  lng: '89.9999',
  lat: '0.0001' }
[2015-09-16 18:42:17.304] [INFO] [default] - { act: 'getCoupon',
  resultCode: 0,
  encryptCode: 1,
  msg: '操作成功',
  data: 
   { preferentialType: '0',
     preferentialFlage: '减',
     type: '1',
     isAllowReceive: '0',
     imageInfo: 
      [ 'http://img.v89.com/group1/M06/07/2D/rBAA11V6QTeAINefAAFYtHnkJAQ510_640*640.jpg',
        '',
        'http://img.v89.com/group1/M07/07/2D/rBAA11V6QTeAOfT3AAFQM5z8PWs924_640*640.jpg',
        '',
        'http://img.v89.com/group1/M05/07/2D/rBAA11V6QTeAMvHgAAHGiM1CT4Q781_640*640.jpg',
        '',
        'http://img.v89.com/group1/M08/07/2D/rBAA11V6QTiALw0FAAGwL9ErjF0436_640*640.jpg',
        '',
        'http://img.v89.com/group1/M00/07/2D/rBAA11V6QTiAL19eAAGKdO-gQ0Y779_640*640.jpg',
        '',
        'http://img.v89.com/group1/M01/07/2D/rBAA11V6QTiAVs-UAAHEE3N8cBU822_640*640.jpg',
        '' ],
     receiveLimitCount: '',
     description: '发放时间：2015-06-12至2015-12-31\n领用距离限制：同城\n',
     rule: '详细说明：</br>1、免费领取本优惠券，到店支付1200元可享受原价1800元的奥莱斯（美国）全车贴膜。质保5年包换。\n2、本券不可与店铺其他优惠叠加使用。\n3、本券只能一次性使用，不找零、不兑现。\n4、本店拥有本券最终解释权。',
     name: '凭券到店消费立减  600元',
     merchantType: '1',
     merchantName: '福缘汽车美容服务中心',
     cardValue: '600000',
     merchantId: '11004013',
     effectiveDate: '2016-01-01 23:59:59',
     provideDateBegin: '2015-06-12 00:00:00',
     friendCardCount: '0',
     preferentialName: '立减券',
     logoUrl: 'http://img.v89.com/group1/M08/07/2D/rBAA11V6QQCAE1rvAADN1zWxmEY922_640*384.jpg',
     stockCount: '293',
     couponId: '10207',
     useCount: '0',
     discount: '',
     isEnableDistanceLimit: '1',
     effectiveType: '1',
     distanceLimit: '0',
     receiveCount: '7',
     effectiveTime: '',
     receiveLimitType: '1',
     displayName: '凭券到店消费立减  600元',
     cardTempId: '3',
     stores: [ [Object] ],
     provideDateEnd: '2015-12-31 23:59:59',
     isReceive: '0' } }
[2015-09-16 18:42:17.306] [INFO] [default] - { preferentialType: '0',
  preferentialFlage: '减',
  type: '1',
  isAllowReceive: '0',
  imageInfo: 
   [ 'http://img.v89.com/group1/M06/07/2D/rBAA11V6QTeAINefAAFYtHnkJAQ510_640*640.jpg',
     '',
     'http://img.v89.com/group1/M07/07/2D/rBAA11V6QTeAOfT3AAFQM5z8PWs924_640*640.jpg',
     '',
     'http://img.v89.com/group1/M05/07/2D/rBAA11V6QTeAMvHgAAHGiM1CT4Q781_640*640.jpg',
     '',
     'http://img.v89.com/group1/M08/07/2D/rBAA11V6QTiALw0FAAGwL9ErjF0436_640*640.jpg',
     '',
     'http://img.v89.com/group1/M00/07/2D/rBAA11V6QTiAL19eAAGKdO-gQ0Y779_640*640.jpg',
     '',
     'http://img.v89.com/group1/M01/07/2D/rBAA11V6QTiAVs-UAAHEE3N8cBU822_640*640.jpg',
     '' ],
  receiveLimitCount: '',
  description: '发放时间：2015-06-12至2015-12-31\n领用距离限制：同城\n',
  rule: '详细说明：</br>1、免费领取本优惠券，到店支付1200元可享受原价1800元的奥莱斯（美国）全车贴膜。质保5年包换。\n2、本券不可与店铺其他优惠叠加使用。\n3、本券只能一次性使用，不找零、不兑现。\n4、本店拥有本券最终解释权。',
  name: '凭券到店消费立减  600元',
  merchantType: '1',
  merchantName: '福缘汽车美容服务中心',
  cardValue: '600000',
  merchantId: '11004013',
  effectiveDate: '2016-01-01 23:59:59',
  provideDateBegin: '2015-06-12 00:00:00',
  friendCardCount: '0',
  preferentialName: '立减券',
  logoUrl: 'http://img.v89.com/group1/M08/07/2D/rBAA11V6QQCAE1rvAADN1zWxmEY922_640*384.jpg',
  stockCount: '293',
  couponId: '10207',
  useCount: '0',
  discount: '',
  isEnableDistanceLimit: '1',
  effectiveType: '1',
  distanceLimit: '0',
  receiveCount: '7',
  effectiveTime: '',
  receiveLimitType: '1',
  displayName: '凭券到店消费立减  600元',
  cardTempId: '3',
  stores: 
   [ { address: '福建省福州市仓山区金山街道滨洲路15号吉苑C组团9号楼一层03、04店面',
       distance: '4272068',
       latitude: '26.04568380236327',
       longitude: '119.24248605966568',
       name: '福缘汽车美容服务中心',
       phone: '15060049698',
       regionId: '520',
       storeId: '11004013' } ],
  provideDateEnd: '2015-12-31 23:59:59',
  isReceive: '0' }
[2015-09-16 18:42:21.070] [INFO] [default] - { url: 'getMemberCoupon',
  encryptType: undefined,
  data: { memberCouponId: '280667' },
  session: 'eyJzZXNzaW9uS2V5IjoiMTM2MjUwNDExNzQiLCJ0b2tlbiI6ImZzODcwNDNmXzUwMDA3MDQ2In0=',
  key: 'cce856e214c14c52' }
[2015-09-16 18:42:21.071] [INFO] [default] - { request: '{"encryptType":1,"data":"Dqvyh7oJN3MwWFmAgO358X8xFVNbpRIZ6N95h+uGwRg=","session":"eyJzZXNzaW9uS2V5IjoiMTM2MjUwNDExNzQiLCJ0b2tlbiI6ImZzODcwNDNmXzUwMDA3MDQ2In0="}' }
[2015-09-16 18:42:21.072] [INFO] [default] - { weileversion: '290',
  clientos: '104',
  lng: '89.9999',
  lat: '0.0001',
  cityid: '53' }
[2015-09-16 18:42:21.119] [INFO] [default] - { act: 'getMemberCoupon',
  resultCode: 0,
  encryptCode: 1,
  msg: '操作成功',
  data: 
   { coupons: 
      { cardTempId: '3',
        cardValue: '20000',
        couponId: '10305',
        description: '发放时间：2015-06-15至2015-12-30\n领用距离限制：同城\n',
        displayName: '凭券到店消费满 80元, 立减20元',
        distanceLimit: '0',
        effectiveDate: '2015-12-31 23:59:59',
        effectiveTime: '',
        effectiveType: '1',
        imageInfo: '["http://img.v89.com/group1/M06/07/30/rBAA11V-ZfSACDpZAAJAO0Vauv8393_640*640.jpg","","http://img.v89.com/group1/M07/07/30/rBAA11V-ZfSAWfY6AAIHaowh6jY807_640*640.jpg","","http://img.v89.com/group1/M08/07/30/rBAA11V-ZfSAatDLAAKYJnA0iDg637_640*640.jpg","","http://img.v89.com/group1/M03/07/30/rBAA11V-ZfSAOVXXAAKwk13fxdk244_640*640.jpg",""]',
        isEnableDistanceLimit: '1',
        logoUrl: 'http://img.v89.com/group1/M02/07/30/rBAA11V-Zd2AVA8vAAA6g7Vr0eI988_150*150.jpg',
        merchantId: '11003485',
        merchantType: '1',
        name: '凭券到店消费满 80元, 立减20元',
        preferentialFlage: '减',
        preferentialName: '满减券',
        preferentialType: '1',
        provideDateBegin: '2015-06-15 00:00:00',
        provideDateEnd: '2015-12-30 23:59:59',
        receiveCount: '19',
        receiveLimitCount: '',
        receiveLimitType: '1',
        receivePrice: '',
        rule: '详细说明：</br>1、凭本券到店支付60元，即可享受原价80元的汽车打蜡，立省20元哦；\n2、本券不可与店铺其他优惠叠加使用；只适用于5座以下。\n3、本券只能一次性使用，不找零、不兑现；\n4、本店拥有本券最终解释权。',
        stockCount: '481',
        stores: '[11003485]',
        type: '1',
        useCount: '0' },
     memberCoupons: 
      { couponId: '10305',
        createTime: '2015-09-15 11:58:49',
        expireTime: '2015-12-31 23:59:59',
        memberCouponId: '280667',
        merchantType: '1',
        no: '110033475012',
        reviewState: '1',
        state: '1',
        useMerchantId: '',
        useMerchantName: '',
        useTime: '' },
     stores: [ [Object] ] } }
[2015-09-16 18:42:21.120] [INFO] [default] - { coupons: 
   { cardTempId: '3',
     cardValue: '20000',
     couponId: '10305',
     description: '发放时间：2015-06-15至2015-12-30\n领用距离限制：同城\n',
     displayName: '凭券到店消费满 80元, 立减20元',
     distanceLimit: '0',
     effectiveDate: '2015-12-31 23:59:59',
     effectiveTime: '',
     effectiveType: '1',
     imageInfo: '["http://img.v89.com/group1/M06/07/30/rBAA11V-ZfSACDpZAAJAO0Vauv8393_640*640.jpg","","http://img.v89.com/group1/M07/07/30/rBAA11V-ZfSAWfY6AAIHaowh6jY807_640*640.jpg","","http://img.v89.com/group1/M08/07/30/rBAA11V-ZfSAatDLAAKYJnA0iDg637_640*640.jpg","","http://img.v89.com/group1/M03/07/30/rBAA11V-ZfSAOVXXAAKwk13fxdk244_640*640.jpg",""]',
     isEnableDistanceLimit: '1',
     logoUrl: 'http://img.v89.com/group1/M02/07/30/rBAA11V-Zd2AVA8vAAA6g7Vr0eI988_150*150.jpg',
     merchantId: '11003485',
     merchantType: '1',
     name: '凭券到店消费满 80元, 立减20元',
     preferentialFlage: '减',
     preferentialName: '满减券',
     preferentialType: '1',
     provideDateBegin: '2015-06-15 00:00:00',
     provideDateEnd: '2015-12-30 23:59:59',
     receiveCount: '19',
     receiveLimitCount: '',
     receiveLimitType: '1',
     receivePrice: '',
     rule: '详细说明：</br>1、凭本券到店支付60元，即可享受原价80元的汽车打蜡，立省20元哦；\n2、本券不可与店铺其他优惠叠加使用；只适用于5座以下。\n3、本券只能一次性使用，不找零、不兑现；\n4、本店拥有本券最终解释权。',
     stockCount: '481',
     stores: '[11003485]',
     type: '1',
     useCount: '0' },
  memberCoupons: 
   { couponId: '10305',
     createTime: '2015-09-15 11:58:49',
     expireTime: '2015-12-31 23:59:59',
     memberCouponId: '280667',
     merchantType: '1',
     no: '110033475012',
     reviewState: '1',
     state: '1',
     useMerchantId: '',
     useMerchantName: '',
     useTime: '' },
  stores: 
   [ { address: '福州市仓山区建新镇闽江大道滨江丽景峰景园E区3号楼01-03店面',
       distance: '4274022',
       latitude: '26.07149490039863',
       longitude: '119.24477666616440',
       name: '易车仕汽车用品店',
       phone: '059183299799',
       regionId: '520',
       storeId: '11003485' } ] }
[2015-09-16 18:42:34.474] [WARN] [default] - 用户IP: 
[2015-09-16 18:42:35.032] [INFO] [default] - { url: 'getCardList',
  encryptType: '1',
  data: 
   { currentIndex: '1',
     pageCount: '20',
     cardType: '1,2,5',
     cityId: '53',
     distance: '99999000' },
  session: 'eyJ0b2tlbiI6ImJjNmI0OWM2YjY0YzRhNDZhYWUyNzk0ZWQ4M2Q3YTk1IiwidHlwZSI6InRydWUifQ==',
  key: 'bc6b49c6b64c4a46' }
[2015-09-16 18:42:35.034] [INFO] [default] - { request: '{"encryptType":"1","data":"tWugDrPRYZf431Mvcs3kr31jnYo/rAJpg60xfWnQuUWcu5VkJaGqlhtAbys2xFn1KgwK5pM+NJb9ZYeNnYP6JFeN3vBHJWx4PBOHguTvHqaqTwDtRynzorf8pFwPEJC6","session":"eyJ0b2tlbiI6ImJjNmI0OWM2YjY0YzRhNDZhYWUyNzk0ZWQ4M2Q3YTk1IiwidHlwZSI6InRydWUifQ=="}' }
[2015-09-16 18:42:35.037] [INFO] [default] - { weileversion: '290',
  clientos: '104',
  lng: '89.9999',
  lat: '0.0001' }
[2015-09-16 18:42:35.049] [INFO] [default] - { url: 'getMemberCardList',
  encryptType: 1,
  data: { currentIndex: 1, pageCount: 100 },
  session: 'eyJzZXNzaW9uS2V5IjoiMTM2MjUwNDExNzQiLCJ0b2tlbiI6ImZzODcwNDNmXzUwMDA3MDQ2In0=',
  key: 'cce856e214c14c52' }
[2015-09-16 18:42:35.049] [INFO] [default] - { request: '{"encryptType":1,"data":"xVS1FfhYdRI3Gn7CXZD4FC5yJei4Qda3KIAUdWeVK924BJHye7qsS+O7rtDA1c20","session":"eyJzZXNzaW9uS2V5IjoiMTM2MjUwNDExNzQiLCJ0b2tlbiI6ImZzODcwNDNmXzUwMDA3MDQ2In0="}' }
[2015-09-16 18:42:35.052] [INFO] [default] - { weileversion: '290',
  clientos: '104',
  lng: '89.9999',
  lat: '0.0001' }
[2015-09-16 18:42:35.114] [INFO] [default] - { act: 'getCardList',
  resultCode: 0,
  encryptCode: 1,
  msg: '操作成功',
  data: 
   { merchantList: 
      [ [Object],
        [Object],
        [Object],
        [Object],
        [Object],
        [Object],
        [Object],
        [Object],
        [Object],
        [Object],
        [Object],
        [Object],
        [Object],
        [Object],
        [Object],
        [Object],
        [Object],
        [Object],
        [Object],
        [Object] ] } }
[2015-09-16 18:42:35.115] [INFO] [default] - { merchantList: 
   [ { id: '11003480',
       cardList: [Object],
       distance: '0.0',
       name: '车时尚汽车护理专家',
       star: '3.0',
       hotDegree: '8240' },
     { id: '11003485',
       cardList: [Object],
       distance: '0.0',
       name: '易车仕汽车用品店',
       star: '3.0',
       hotDegree: '7020' },
     { id: '11004013',
       cardList: [Object],
       distance: '0.0',
       name: '福缘汽车美容服务中心',
       star: '3.0',
       hotDegree: '2400' },
     { id: '11004732',
       cardList: [Object],
       distance: '0.0',
       name: '福州市仓山区懂车会汽车维修服务部',
       star: '3.0',
       hotDegree: '1990' },
     { id: '11005005',
       cardList: [Object],
       distance: '0.0',
       name: '香港瑶芳专业祛痘祛斑（仓山万达店）',
       star: '3.0',
       hotDegree: '10670' },
     { id: '11005149',
       cardList: [Object],
       distance: '0.0',
       name: '伊琳娜美容',
       star: '3.0',
       hotDegree: '690' },
     { id: '11005201',
       cardList: [Object],
       distance: '0.0',
       name: '艾美美造型连锁',
       star: '3.0',
       hotDegree: '840' },
     { id: '11005372',
       cardList: [Object],
       distance: '0.0',
       name: '名秀造型',
       star: '3.0',
       hotDegree: '1980' },
     { id: '11005439',
       cardList: [Object],
       distance: '0.0',
       name: '红美染衣',
       star: '3.0',
       hotDegree: '10040' },
     { id: '11005529',
       cardList: [Object],
       distance: '0.0',
       name: '留德发（福州市仓山区魔发公馆美发店）',
       star: '3.0',
       hotDegree: '1480' },
     { id: '11005859',
       cardList: [Object],
       distance: '0.0',
       name: '创美造型',
       star: '5.0',
       hotDegree: '11610' },
     { id: '11006217',
       cardList: [Object],
       distance: '0.0',
       name: '缪斯美业3店',
       star: '3.0',
       hotDegree: '510' },
     { id: '11006487',
       cardList: [Object],
       distance: '0.0',
       name: '宝车汇汽车养护中心',
       star: '3.0',
       hotDegree: '3620' },
     { id: '11006532',
       cardList: [Object],
       distance: '0.0',
       name: '新感觉造型',
       star: '3.0',
       hotDegree: '7780' },
     { id: '11006717',
       cardList: [Object],
       distance: '0.0',
       name: '福州市仓山区车翼界汽车用品店',
       star: '3.0',
       hotDegree: '2160' },
     { id: '11075657',
       cardList: [Object],
       distance: '0.0',
       name: '特百惠(王庄店）',
       star: '3.0',
       hotDegree: '0' },
     { id: '11006993',
       cardList: [Object],
       distance: '0.0',
       name: '异域美甲（福州市仓山区芊指绣美甲店）',
       star: '3.0',
       hotDegree: '670' },
     { id: '11074910',
       cardList: [Object],
       distance: '0.0',
       name: '手绘蓝天（海润尊品店）',
       star: '3.0',
       hotDegree: '20' },
     { id: '11009458',
       cardList: [Object],
       distance: '0.0',
       name: '福州车行天下汽车服务有限公司',
       star: '3.0',
       hotDegree: '3440' },
     { id: '11009464',
       cardList: [Object],
       distance: '0.0',
       name: '前卫造型',
       star: '3.0',
       hotDegree: '2380' } ] }
[2015-09-16 18:42:36.159] [INFO] [default] - { url: 'receiveMerchantCoupon',
  encryptType: undefined,
  data: { couponId: '10305', receiveMerchantId: '11003485' },
  session: 'eyJzZXNzaW9uS2V5IjoiMTM2MjUwNDExNzQiLCJ0b2tlbiI6ImZzODcwNDNmXzUwMDA3MDQ2In0=',
  key: 'cce856e214c14c52' }
[2015-09-16 18:42:36.159] [INFO] [default] - { request: '{"encryptType":1,"data":"PgY3VlSte6aKGcwc2zJueYRR/LmHvzW6I7rZ9hd55ie2hWm/vVEKBR3sHp+8jso7y5EUGp5K6OhF6g37Z1Hs2w==","session":"eyJzZXNzaW9uS2V5IjoiMTM2MjUwNDExNzQiLCJ0b2tlbiI6ImZzODcwNDNmXzUwMDA3MDQ2In0="}' }
[2015-09-16 18:42:36.161] [INFO] [default] - { weileversion: '290',
  clientos: '104',
  lng: '89.9999',
  lat: '0.0001',
  cityid: '53' }
[2015-09-16 18:42:36.681] [INFO] [default] - { resultCode: 9999,
  msg: '您有一张未使用的优惠券不能再领取',
  data: {},
  encryptType: '0',
  act: 'receiveMerchantCoupon' }
[2015-09-16 18:42:36.681] [INFO] [default] - {}
[2015-09-16 18:42:37.119] [INFO] [default] - { act: 'getMemberCardList',
  resultCode: 0,
  encryptCode: 1,
  msg: '操作成功',
  data: 
   { cards: 
      [ [Object],
        [Object],
        [Object],
        [Object],
        [Object],
        [Object],
        [Object],
        [Object],
        [Object],
        [Object],
        [Object],
        [Object],
        [Object],
        [Object],
        [Object],
        [Object],
        [Object],
        [Object],
        [Object],
        [Object],
        [Object],
        [Object] ] } }
[2015-09-16 18:42:37.120] [INFO] [default] - { cards: 
   [ { cashcoupons: '[]',
       coupons: [Object],
       distance: '4271622',
       mcards: '[]',
       merchantId: '11005372',
       merchantName: '名秀造型',
       merchantType: '1',
       ncards: '[]',
       vcards: '[]' },
     { cashcoupons: '[]',
       coupons: [Object],
       distance: '4271644',
       mcards: '[]',
       merchantId: '11067448',
       merchantName: '安特鲁',
       merchantType: '1',
       ncards: '[]',
       vcards: '[]' },
     { cashcoupons: '[]',
       coupons: [Object],
       distance: '4271768',
       mcards: '[]',
       merchantId: '11067451',
       merchantName: '万川寿司',
       merchantType: '1',
       ncards: '[]',
       vcards: '[]' },
     { cashcoupons: '[]',
       coupons: [Object],
       distance: '4271856',
       mcards: '[]',
       merchantId: '11074903',
       merchantName: '榕盛商务宾馆（金桔店）',
       merchantType: '1',
       ncards: '[]',
       vcards: '[]' },
     { cashcoupons: '[]',
       coupons: [Object],
       distance: '4272160',
       mcards: '[]',
       merchantId: '11066382',
       merchantName: '泰檬时尚甜饮',
       merchantType: '1',
       ncards: '[]',
       vcards: '[]' },
     { cashcoupons: '[]',
       coupons: [Object],
       distance: '4272667',
       mcards: '[]',
       merchantId: '11003480',
       merchantName: '车时尚汽车护理专家',
       merchantType: '1',
       ncards: '[]',
       vcards: '[]' },
     { cashcoupons: '[]',
       coupons: [Object],
       distance: '4272709',
       mcards: '[]',
       merchantId: '11074295',
       merchantName: '微乐福州服务中心',
       merchantType: '1',
       ncards: '[]',
       vcards: '[]' },
     { cashcoupons: '[]',
       coupons: '[]',
       distance: '4272807',
       mcards: '[]',
       merchantId: '11074538',
       merchantName: '微乐便利店',
       merchantType: '1',
       ncards: [Object],
       vcards: '[]' },
     { cashcoupons: '[]',
       coupons: [Object],
       distance: '4273026',
       mcards: '[]',
       merchantId: '11066304',
       merchantName: '迈哆猪排',
       merchantType: '1',
       ncards: '[]',
       vcards: '[]' },
     { cashcoupons: '[]',
       coupons: [Object],
       distance: '4273269',
       mcards: '[]',
       merchantId: '11005529',
       merchantName: '留德发（福州市仓山区魔发公馆美发店）',
       merchantType: '1',
       ncards: '[]',
       vcards: '[]' },
     { cashcoupons: '[]',
       coupons: [Object],
       distance: '4273344',
       mcards: '[]',
       merchantId: '11005201',
       merchantName: '艾美美造型连锁',
       merchantType: '1',
       ncards: '[]',
       vcards: '[]' },
     { cashcoupons: '[]',
       coupons: [Object],
       distance: '4273352',
       mcards: '[]',
       merchantId: '134',
       merchantName: '迈克电脑连锁',
       merchantType: '2',
       ncards: '[]',
       vcards: '[]' },
     { cashcoupons: '[]',
       coupons: [Object],
       distance: '4273482',
       mcards: '[]',
       merchantId: '11004732',
       merchantName: '福州市仓山区懂车会汽车维修服务部',
       merchantType: '1',
       ncards: '[]',
       vcards: '[]' },
     { cashcoupons: '[]',
       coupons: [Object],
       distance: '4273668',
       mcards: '[]',
       merchantId: '11009458',
       merchantName: '福州车行天下汽车服务有限公司',
       merchantType: '1',
       ncards: '[]',
       vcards: '[]' },
     { cashcoupons: '[]',
       coupons: [Object],
       distance: '4273934',
       mcards: '[]',
       merchantId: '11065721',
       merchantName: '微乐福利社',
       merchantType: '1',
       ncards: '[]',
       vcards: '[]' },
     { cashcoupons: '[]',
       coupons: [Object],
       distance: '4273958',
       mcards: '[]',
       merchantId: '11005005',
       merchantName: '香港瑶芳专业祛痘祛斑（仓山万达店）',
       merchantType: '1',
       ncards: '[]',
       vcards: '[]' },
     { cashcoupons: '[]',
       coupons: [Object],
       distance: '4274022',
       mcards: '[]',
       merchantId: '11003485',
       merchantName: '易车仕汽车用品店',
       merchantType: '1',
       ncards: '[]',
       vcards: '[]' },
     { cashcoupons: '[]',
       coupons: [Object],
       distance: '4274061',
       mcards: '[]',
       merchantId: '11066365',
       merchantName: '陌陌家鲜花水果',
       merchantType: '1',
       ncards: '[]',
       vcards: '[]' },
     { cashcoupons: '[]',
       coupons: [Object],
       distance: '4274182',
       mcards: '[]',
       merchantId: '11069050',
       merchantName: '友名仔套餐',
       merchantType: '1',
       ncards: '[]',
       vcards: '[]' },
     { cashcoupons: '[]',
       coupons: [Object],
       distance: '4274531',
       mcards: '[]',
       merchantId: '11033497',
       merchantName: '爵士形象美学',
       merchantType: '1',
       ncards: '[]',
       vcards: '[]' },
     { cashcoupons: '[]',
       coupons: [Object],
       distance: '4274796',
       mcards: '[]',
       merchantId: '11070347',
       merchantName: '虎纠好橄榄',
       merchantType: '1',
       ncards: '[]',
       vcards: '[]' },
     { cashcoupons: '[]',
       coupons: [Object],
       distance: '4276173',
       mcards: '[]',
       merchantId: '11067572',
       merchantName: '尚干人家',
       merchantType: '1',
       ncards: '[]',
       vcards: '[]' } ] }
[2015-09-16 18:42:39.195] [INFO] [default] - { url: 'getCoupon',
  encryptType: undefined,
  data: { couponId: '10207' },
  session: 'eyJ0b2tlbiI6ImJjNmI0OWM2YjY0YzRhNDZhYWUyNzk0ZWQ4M2Q3YTk1IiwidHlwZSI6InRydWUifQ==',
  key: 'bc6b49c6b64c4a46' }
[2015-09-16 18:42:39.195] [INFO] [default] - { request: '{"encryptType":1,"data":"oWTZ+Aoua2kaC2lNUVuC8/KvW6s29BSAZyQ5CkxfU2s=","session":"eyJ0b2tlbiI6ImJjNmI0OWM2YjY0YzRhNDZhYWUyNzk0ZWQ4M2Q3YTk1IiwidHlwZSI6InRydWUifQ=="}' }
[2015-09-16 18:42:39.196] [INFO] [default] - { weileversion: '290',
  clientos: '104',
  lng: '89.9999',
  lat: '0.0001' }
[2015-09-16 18:42:39.536] [INFO] [default] - { act: 'getCoupon',
  resultCode: 0,
  encryptCode: 1,
  msg: '操作成功',
  data: 
   { preferentialType: '0',
     preferentialFlage: '减',
     type: '1',
     isAllowReceive: '0',
     imageInfo: 
      [ 'http://img.v89.com/group1/M06/07/2D/rBAA11V6QTeAINefAAFYtHnkJAQ510_640*640.jpg',
        '',
        'http://img.v89.com/group1/M07/07/2D/rBAA11V6QTeAOfT3AAFQM5z8PWs924_640*640.jpg',
        '',
        'http://img.v89.com/group1/M05/07/2D/rBAA11V6QTeAMvHgAAHGiM1CT4Q781_640*640.jpg',
        '',
        'http://img.v89.com/group1/M08/07/2D/rBAA11V6QTiALw0FAAGwL9ErjF0436_640*640.jpg',
        '',
        'http://img.v89.com/group1/M00/07/2D/rBAA11V6QTiAL19eAAGKdO-gQ0Y779_640*640.jpg',
        '',
        'http://img.v89.com/group1/M01/07/2D/rBAA11V6QTiAVs-UAAHEE3N8cBU822_640*640.jpg',
        '' ],
     receiveLimitCount: '',
     description: '发放时间：2015-06-12至2015-12-31\n领用距离限制：同城\n',
     rule: '详细说明：</br>1、免费领取本优惠券，到店支付1200元可享受原价1800元的奥莱斯（美国）全车贴膜。质保5年包换。\n2、本券不可与店铺其他优惠叠加使用。\n3、本券只能一次性使用，不找零、不兑现。\n4、本店拥有本券最终解释权。',
     name: '凭券到店消费立减  600元',
     merchantType: '1',
     merchantName: '福缘汽车美容服务中心',
     cardValue: '600000',
     merchantId: '11004013',
     effectiveDate: '2016-01-01 23:59:59',
     provideDateBegin: '2015-06-12 00:00:00',
     friendCardCount: '0',
     preferentialName: '立减券',
     logoUrl: 'http://img.v89.com/group1/M08/07/2D/rBAA11V6QQCAE1rvAADN1zWxmEY922_640*384.jpg',
     stockCount: '293',
     couponId: '10207',
     useCount: '0',
     discount: '',
     isEnableDistanceLimit: '1',
     effectiveType: '1',
     distanceLimit: '0',
     receiveCount: '7',
     effectiveTime: '',
     receiveLimitType: '1',
     displayName: '凭券到店消费立减  600元',
     cardTempId: '3',
     stores: [ [Object] ],
     provideDateEnd: '2015-12-31 23:59:59',
     isReceive: '0' } }
[2015-09-16 18:42:39.538] [INFO] [default] - { preferentialType: '0',
  preferentialFlage: '减',
  type: '1',
  isAllowReceive: '0',
  imageInfo: 
   [ 'http://img.v89.com/group1/M06/07/2D/rBAA11V6QTeAINefAAFYtHnkJAQ510_640*640.jpg',
     '',
     'http://img.v89.com/group1/M07/07/2D/rBAA11V6QTeAOfT3AAFQM5z8PWs924_640*640.jpg',
     '',
     'http://img.v89.com/group1/M05/07/2D/rBAA11V6QTeAMvHgAAHGiM1CT4Q781_640*640.jpg',
     '',
     'http://img.v89.com/group1/M08/07/2D/rBAA11V6QTiALw0FAAGwL9ErjF0436_640*640.jpg',
     '',
     'http://img.v89.com/group1/M00/07/2D/rBAA11V6QTiAL19eAAGKdO-gQ0Y779_640*640.jpg',
     '',
     'http://img.v89.com/group1/M01/07/2D/rBAA11V6QTiAVs-UAAHEE3N8cBU822_640*640.jpg',
     '' ],
  receiveLimitCount: '',
  description: '发放时间：2015-06-12至2015-12-31\n领用距离限制：同城\n',
  rule: '详细说明：</br>1、免费领取本优惠券，到店支付1200元可享受原价1800元的奥莱斯（美国）全车贴膜。质保5年包换。\n2、本券不可与店铺其他优惠叠加使用。\n3、本券只能一次性使用，不找零、不兑现。\n4、本店拥有本券最终解释权。',
  name: '凭券到店消费立减  600元',
  merchantType: '1',
  merchantName: '福缘汽车美容服务中心',
  cardValue: '600000',
  merchantId: '11004013',
  effectiveDate: '2016-01-01 23:59:59',
  provideDateBegin: '2015-06-12 00:00:00',
  friendCardCount: '0',
  preferentialName: '立减券',
  logoUrl: 'http://img.v89.com/group1/M08/07/2D/rBAA11V6QQCAE1rvAADN1zWxmEY922_640*384.jpg',
  stockCount: '293',
  couponId: '10207',
  useCount: '0',
  discount: '',
  isEnableDistanceLimit: '1',
  effectiveType: '1',
  distanceLimit: '0',
  receiveCount: '7',
  effectiveTime: '',
  receiveLimitType: '1',
  displayName: '凭券到店消费立减  600元',
  cardTempId: '3',
  stores: 
   [ { address: '福建省福州市仓山区金山街道滨洲路15号吉苑C组团9号楼一层03、04店面',
       distance: '4272068',
       latitude: '26.04568380236327',
       longitude: '119.24248605966568',
       name: '福缘汽车美容服务中心',
       phone: '15060049698',
       regionId: '520',
       storeId: '11004013' } ],
  provideDateEnd: '2015-12-31 23:59:59',
  isReceive: '0' }
